Using pre-set license
Built from '2022.3/staging' branch; Version is '2022.3.60f1 (5f63fdee6d95) revision 6251517'; Using compiler version '192829333'; Build Type 'Release'
OS: 'Windows 11  (10.0.22631) 64bit Core' Language: 'en' Physical Memory: 15791 MB
BatchMode: 1, IsHumanControllingUs: 0, StartBugReporterOnCrash: 0, Is64bit: 1, IsPro: 1

COMMAND LINE ARGUMENTS:
C:\Program Files\Unity\Hub\Editor\2022.3.60f1\Editor\Unity.exe
-adb2
-batchMode
-noUpm
-name
AssetImportWorker4
-projectPath
C:/Users/Masa/VR-Project
-logFile
Logs/AssetImportWorker4.log
-srvPort
51044
Successfully changed project path to: C:/Users/Masa/VR-Project
C:/Users/Masa/VR-Project
[UnityMemory] Configuration Parameters - Can be set up in boot.config
    "memorysetup-bucket-allocator-granularity=16"
    "memorysetup-bucket-allocator-bucket-count=8"
    "memorysetup-bucket-allocator-block-size=33554432"
    "memorysetup-bucket-allocator-block-count=8"
    "memorysetup-main-allocator-block-size=16777216"
    "memorysetup-thread-allocator-block-size=16777216"
    "memorysetup-gfx-main-allocator-block-size=16777216"
    "memorysetup-gfx-thread-allocator-block-size=16777216"
    "memorysetup-cache-allocator-block-size=4194304"
    "memorysetup-typetree-allocator-block-size=2097152"
    "memorysetup-profiler-bucket-allocator-granularity=16"
    "memorysetup-profiler-bucket-allocator-bucket-count=8"
    "memorysetup-profiler-bucket-allocator-block-size=33554432"
    "memorysetup-profiler-bucket-allocator-block-count=8"
    "memorysetup-profiler-allocator-block-size=16777216"
    "memorysetup-profiler-editor-allocator-block-size=1048576"
    "memorysetup-temp-allocator-size-main=16777216"
    "memorysetup-job-temp-allocator-block-size=2097152"
    "memorysetup-job-temp-allocator-block-size-background=1048576"
    "memorysetup-job-temp-allocator-reduction-small-platforms=262144"
    "memorysetup-allocator-temp-initial-block-size-main=262144"
    "memorysetup-allocator-temp-initial-block-size-worker=262144"
    "memorysetup-temp-allocator-size-background-worker=32768"
    "memorysetup-temp-allocator-size-job-worker=262144"
    "memorysetup-temp-allocator-size-preload-manager=33554432"
    "memorysetup-temp-allocator-size-nav-mesh-worker=65536"
    "memorysetup-temp-allocator-size-audio-worker=65536"
    "memorysetup-temp-allocator-size-cloud-worker=32768"
    "memorysetup-temp-allocator-size-gi-baking-worker=262144"
    "memorysetup-temp-allocator-size-gfx=262144"
Player connection [17812]  Target information:

Player connection [17812]  * "[IP] 192.168.85.1 [Port] 0 [Flags] 2 [Guid] 823439071 [EditorId] 823439071 [Version] 1048832 [Id] WindowsEditor(7,LAPTOP-AOC9EG3G) [Debug] 1 [PackageName] WindowsEditor [ProjectName] Editor" 

Player connection [17812]  * "[IP] 192.168.182.1 [Port] 0 [Flags] 2 [Guid] 823439071 [EditorId] 823439071 [Version] 1048832 [Id] WindowsEditor(7,LAPTOP-AOC9EG3G) [Debug] 1 [PackageName] WindowsEditor [ProjectName] Editor" 

Player connection [17812]  * "[IP] 10.2.0.2 [Port] 0 [Flags] 2 [Guid] 823439071 [EditorId] 823439071 [Version] 1048832 [Id] WindowsEditor(7,LAPTOP-AOC9EG3G) [Debug] 1 [PackageName] WindowsEditor [ProjectName] Editor" 

Player connection [17812]  * "[IP] 172.20.10.2 [Port] 0 [Flags] 2 [Guid] 823439071 [EditorId] 823439071 [Version] 1048832 [Id] WindowsEditor(7,LAPTOP-AOC9EG3G) [Debug] 1 [PackageName] WindowsEditor [ProjectName] Editor" 

Player connection [17812] Host joined multi-casting on [225.0.0.222:54997]...
Player connection [17812] Host joined alternative multi-casting on [225.0.0.222:34997]...
Input System module state changed to: Initialized.
[PhysX] Initialized MultithreadedTaskDispatcher with 16 workers.
Refreshing native plugins compatible for Editor in 157.55 ms, found 3 plugins.
Preloading 0 native plugins for Editor in 0.00 ms.
Initialize engine version: 2022.3.60f1 (5f63fdee6d95)
[Subsystems] Discovering subsystems at path C:/Program Files/Unity/Hub/Editor/2022.3.60f1/Editor/Data/Resources/UnitySubsystems
[Subsystems] Discovering subsystems at path C:/Users/Masa/VR-Project/Assets
GfxDevice: creating device client; threaded=0; jobified=0
Direct3D:
    Version:  Direct3D 11.0 [level 11.1]
    Renderer: NVIDIA GeForce RTX 3050 Laptop GPU (ID=0x25a5)
    Vendor:   NVIDIA
    VRAM:     3964 MB
    Driver:   32.0.15.6607
Initialize mono
Mono path[0] = 'C:/Program Files/Unity/Hub/Editor/2022.3.60f1/Editor/Data/Managed'
Mono path[1] = 'C:/Program Files/Unity/Hub/Editor/2022.3.60f1/Editor/Data/MonoBleedingEdge/lib/mono/unityjit-win32'
Mono config path = 'C:/Program Files/Unity/Hub/Editor/2022.3.60f1/Editor/Data/MonoBleedingEdge/etc'
Using monoOptions --debugger-agent=transport=dt_socket,embedding=1,server=y,suspend=n,address=127.0.0.1:56612
Begin MonoManager ReloadAssembly
Registering precompiled unity dll's ...
Register platform support module: C:/Program Files/Unity/Hub/Editor/2022.3.60f1/Editor/Data/PlaybackEngines/WindowsStandaloneSupport/UnityEditor.WindowsStandalone.Extensions.dll
Registered in 0.008001 seconds.
- Loaded All Assemblies, in  0.846 seconds
Native extension for WindowsStandalone target not found
Mono: successfully reloaded assembly
- Finished resetting the current domain, in  0.318 seconds
Domain Reload Profiling: 1163ms
	BeginReloadAssembly (134ms)
		ExecutionOrderSort (0ms)
		DisableScriptedObjects (0ms)
		BackupInstance (0ms)
		ReleaseScriptingObjects (0ms)
		CreateAndSetChildDomain (1ms)
	RebuildCommonClasses (245ms)
	RebuildNativeTypeToScriptingClass (12ms)
	initialDomainReloadingComplete (66ms)
	LoadAllAssembliesAndSetupDomain (387ms)
		LoadAssemblies (132ms)
		RebuildTransferFunctionScriptingTraits (0ms)
		AnalyzeDomain (384ms)
			TypeCache.Refresh (382ms)
				TypeCache.ScanAssembly (368ms)
			ScanForSourceGeneratedMonoScriptInfo (0ms)
			ResolveRequiredComponents (1ms)
	FinalizeReload (319ms)
		ReleaseScriptCaches (0ms)
		RebuildScriptCaches (0ms)
		SetupLoadedEditorAssemblies (264ms)
			LogAssemblyErrors (0ms)
			InitializePlatformSupportModulesInManaged (11ms)
			SetLoadedEditorAssemblies (10ms)
			RefreshPlugins (0ms)
			BeforeProcessingInitializeOnLoad (2ms)
			ProcessInitializeOnLoadAttributes (176ms)
			ProcessInitializeOnLoadMethodAttributes (64ms)
			AfterProcessingInitializeOnLoad (0ms)
			EditorAssembliesLoaded (0ms)
		ExecutionOrderSort2 (0ms)
		AwakeInstancesAfterBackupRestoration (0ms)
========================================================================
Worker process is ready to serve import requests
Caller must complete domain reload
Begin MonoManager ReloadAssembly
- Loaded All Assemblies, in  0.836 seconds
Native extension for WindowsStandalone target not found
Mono: successfully reloaded assembly
- Finished resetting the current domain, in  0.670 seconds
Domain Reload Profiling: 1503ms
	BeginReloadAssembly (201ms)
		ExecutionOrderSort (0ms)
		DisableScriptedObjects (9ms)
		BackupInstance (0ms)
		ReleaseScriptingObjects (0ms)
		CreateAndSetChildDomain (31ms)
	RebuildCommonClasses (48ms)
	RebuildNativeTypeToScriptingClass (12ms)
	initialDomainReloadingComplete (51ms)
	LoadAllAssembliesAndSetupDomain (521ms)
		LoadAssemblies (409ms)
		RebuildTransferFunctionScriptingTraits (0ms)
		AnalyzeDomain (224ms)
			TypeCache.Refresh (195ms)
				TypeCache.ScanAssembly (173ms)
			ScanForSourceGeneratedMonoScriptInfo (22ms)
			ResolveRequiredComponents (6ms)
	FinalizeReload (670ms)
		ReleaseScriptCaches (0ms)
		RebuildScriptCaches (0ms)
		SetupLoadedEditorAssemblies (491ms)
			LogAssemblyErrors (0ms)
			InitializePlatformSupportModulesInManaged (7ms)
			SetLoadedEditorAssemblies (3ms)
			RefreshPlugins (0ms)
			BeforeProcessingInitializeOnLoad (68ms)
			ProcessInitializeOnLoadAttributes (376ms)
			ProcessInitializeOnLoadMethodAttributes (30ms)
			AfterProcessingInitializeOnLoad (8ms)
			EditorAssembliesLoaded (0ms)
		ExecutionOrderSort2 (0ms)
		AwakeInstancesAfterBackupRestoration (7ms)
Launched and connected shader compiler UnityShaderCompiler.exe after 0.13 seconds
Refreshing native plugins compatible for Editor in 6.54 ms, found 3 plugins.
Preloading 0 native plugins for Editor in 0.00 ms.
Unloading 3145 Unused Serialized files (Serialized files now loaded: 0)
Unloading 19 unused Assets / (54.9 KB). Loaded Objects now: 3628.
Memory consumption went from 129.7 MB to 129.6 MB.
Total: 5.301100 ms (FindLiveObjects: 0.424800 ms CreateObjectMapping: 0.125000 ms MarkObjects: 4.402500 ms  DeleteObjects: 0.346000 ms)

AssetImportParameters requested are different than current active one (requested -> active):
  custom:container-demuxer-ogg: 62fdf1f143b41e24485cea50d1cbac27 -> 
  custom:video-codec-MediaFoundation-h265: 746d11721c4dcdbdad8f713fa42b33f4 -> 
  custom:video-decoder-ogg-theora: a1e56fd34408186e4bbccfd4996cb3dc -> 
  custom:framework-win-MediaFoundation: 216162199b28c13a410421893ffa2e32 -> 
  custom:CustomObjectIndexerAttribute: 9a22284fe3817be447336de3de66b15e -> 
  custom:container-demuxer-webm: 4f35f7cbe854078d1ac9338744f61a02 -> 
  custom:container-muxer-webm: aa71ff27fc2769a1b78a27578f13a17b -> 
  custom:video-decoder-webm-vp8: 9c59270c3fd7afecdb556c50c9e8de78 -> 
  custom:SearchIndexIgnoredProperties: e643bd26f0fe6173181afceb89e7c659 -> 
  custom:AudioImporter_EditorPlatform: d09bf68614088b80899f8185d706f6e7 -> 
  custom:video-encoder-webm-vp8: eb34c28f22e8b96e1ab97ce403110664 -> 
  custom:audio-decoder-ogg-vorbis: bf7c407c2cedff20999df2af8eb42d56 -> 
  custom:audio-encoder-webm-vorbis: bf7c407c2cedff20999df2af8eb42d56 -> 
========================================================================
Received Import Request.
  Time since last request: 100113.610451 seconds.
  path: Assets/Low_Poly_Nature_Pack_Lite/Models/Bushes/Bush_5_spring.fbx
  artifactKey: Guid(561081b57c3ac854fb494aee18fba1e7) Importer(815301076,1909f56bfc062723c751e8b465ee728b)
Start importing Assets/Low_Poly_Nature_Pack_Lite/Models/Bushes/Bush_5_spring.fbx using Guid(561081b57c3ac854fb494aee18fba1e7) Importer(815301076,1909f56bfc062723c751e8b465ee728b) [PhysX] Initialized MultithreadedTaskDispatcher with 16 workers.
[PhysX] Initialized MultithreadedTaskDispatcher with 16 workers.
[PhysX] Initialized MultithreadedTaskDispatcher with 16 workers.
[PhysX] Initialized MultithreadedTaskDispatcher with 16 workers.
[PhysX] Initialized MultithreadedTaskDispatcher with 16 workers.
[PhysX] Initialized MultithreadedTaskDispatcher with 16 workers.
[PhysX] Initialized MultithreadedTaskDispatcher with 16 workers.
[PhysX] Initialized MultithreadedTaskDispatcher with 16 workers.
[PhysX] Initialized MultithreadedTaskDispatcher with 16 workers.
 -> (artifact id: '372822beb67f7705a27d94c3e531369c') in 0.258536 seconds
Number of updated asset objects reloaded before import = 0
Number of asset objects unloaded after import = 33
========================================================================
Received Import Request.
  Time since last request: 0.000071 seconds.
  path: Assets/Low_Poly_Nature_Pack_Lite/Models/Bushes/Bush_2_gradient_blue.fbx
  artifactKey: Guid(043af573a75b0604bbff978ec1ff3e76) Importer(815301076,1909f56bfc062723c751e8b465ee728b)
Start importing Assets/Low_Poly_Nature_Pack_Lite/Models/Bushes/Bush_2_gradient_blue.fbx using Guid(043af573a75b0604bbff978ec1ff3e76) Importer(815301076,1909f56bfc062723c751e8b465ee728b) [PhysX] Initialized MultithreadedTaskDispatcher with 16 workers.
[PhysX] Initialized MultithreadedTaskDispatcher with 16 workers.
[PhysX] Initialized MultithreadedTaskDispatcher with 16 workers.
[PhysX] Initialized MultithreadedTaskDispatcher with 16 workers.
[PhysX] Initialized MultithreadedTaskDispatcher with 16 workers.
[PhysX] Initialized MultithreadedTaskDispatcher with 16 workers.
[PhysX] Initialized MultithreadedTaskDispatcher with 16 workers.
 -> (artifact id: '9c14b88bfc5b5f580d9f418b54508475') in 0.060219 seconds
Number of updated asset objects reloaded before import = 0
Number of asset objects unloaded after import = 23
========================================================================
Received Import Request.
  Time since last request: 0.000026 seconds.
  path: Assets/Low_Poly_Nature_Pack_Lite/Prefabs/Bushes/Bush_2_summer.prefab
  artifactKey: Guid(a23d6ba0162c01b4fa95af7977ee4efb) Importer(815301076,1909f56bfc062723c751e8b465ee728b)
Start importing Assets/Low_Poly_Nature_Pack_Lite/Prefabs/Bushes/Bush_2_summer.prefab using Guid(a23d6ba0162c01b4fa95af7977ee4efb) Importer(815301076,1909f56bfc062723c751e8b465ee728b) [PhysX] Initialized MultithreadedTaskDispatcher with 16 workers.
[PhysX] Initialized MultithreadedTaskDispatcher with 16 workers.
 -> (artifact id: 'b37264f69204fb6a7ba24ce0a025b952') in 0.024152 seconds
Number of updated asset objects reloaded before import = 0
Number of asset objects unloaded after import = 20
========================================================================
Received Import Request.
  Time since last request: 0.000033 seconds.
  path: Assets/Low_Poly_Nature_Pack_Lite/Models/Bushes/Bush_2_gradient_green.fbx
  artifactKey: Guid(3698cab5fe26e32468e01de5243d3cc0) Importer(815301076,1909f56bfc062723c751e8b465ee728b)
Start importing Assets/Low_Poly_Nature_Pack_Lite/Models/Bushes/Bush_2_gradient_green.fbx using Guid(3698cab5fe26e32468e01de5243d3cc0) Importer(815301076,1909f56bfc062723c751e8b465ee728b) [PhysX] Initialized MultithreadedTaskDispatcher with 16 workers.
[PhysX] Initialized MultithreadedTaskDispatcher with 16 workers.
[PhysX] Initialized MultithreadedTaskDispatcher with 16 workers.
[PhysX] Initialized MultithreadedTaskDispatcher with 16 workers.
[PhysX] Initialized MultithreadedTaskDispatcher with 16 workers.
[PhysX] Initialized MultithreadedTaskDispatcher with 16 workers.
[PhysX] Initialized MultithreadedTaskDispatcher with 16 workers.
 -> (artifact id: '998071810c1da0ac07b79f8dffe95563') in 0.060782 seconds
Number of updated asset objects reloaded before import = 0
Number of asset objects unloaded after import = 23
========================================================================
Received Import Request.
  Time since last request: 0.000049 seconds.
  path: Assets/Low_Poly_Nature_Pack_Lite/Models/Bushes/Bush_11_gradient_green.fbx
  artifactKey: Guid(ef2b55ab8a907e749a57113dd98a53b7) Importer(815301076,1909f56bfc062723c751e8b465ee728b)
Start importing Assets/Low_Poly_Nature_Pack_Lite/Models/Bushes/Bush_11_gradient_green.fbx using Guid(ef2b55ab8a907e749a57113dd98a53b7) Importer(815301076,1909f56bfc062723c751e8b465ee728b) [PhysX] Initialized MultithreadedTaskDispatcher with 16 workers.
[PhysX] Initialized MultithreadedTaskDispatcher with 16 workers.
[PhysX] Initialized MultithreadedTaskDispatcher with 16 workers.
[PhysX] Initialized MultithreadedTaskDispatcher with 16 workers.
[PhysX] Initialized MultithreadedTaskDispatcher with 16 workers.
[PhysX] Initialized MultithreadedTaskDispatcher with 16 workers.
[PhysX] Initialized MultithreadedTaskDispatcher with 16 workers.
 -> (artifact id: '88d6058fca6afc28f97808176a6de568') in 0.059585 seconds
Number of updated asset objects reloaded before import = 0
Number of asset objects unloaded after import = 23
========================================================================
Received Import Request.
  Time since last request: 0.000033 seconds.
  path: Assets/Low_Poly_Nature_Pack_Lite/Models/Plants
  artifactKey: Guid(74af6a00fa1f7b24dbc79d931307a2a8) Importer(815301076,1909f56bfc062723c751e8b465ee728b)
Start importing Assets/Low_Poly_Nature_Pack_Lite/Models/Plants using Guid(74af6a00fa1f7b24dbc79d931307a2a8) Importer(815301076,1909f56bfc062723c751e8b465ee728b) [PhysX] Initialized MultithreadedTaskDispatcher with 16 workers.
 -> (artifact id: 'b87f00edf42bce16922a179ff0944f26') in 0.000894 seconds
Number of updated asset objects reloaded before import = 0
Number of asset objects unloaded after import = 0
========================================================================
Received Import Request.
  Time since last request: 0.000063 seconds.
  path: Assets/Low_Poly_Nature_Pack_Lite/Models/Trees/Tree_01_winter_gradient_blue.fbx
  artifactKey: Guid(787a95629f1f0524e8886d59b3cf9d8c) Importer(815301076,1909f56bfc062723c751e8b465ee728b)
Start importing Assets/Low_Poly_Nature_Pack_Lite/Models/Trees/Tree_01_winter_gradient_blue.fbx using Guid(787a95629f1f0524e8886d59b3cf9d8c) Importer(815301076,1909f56bfc062723c751e8b465ee728b) [PhysX] Initialized MultithreadedTaskDispatcher with 16 workers.
[PhysX] Initialized MultithreadedTaskDispatcher with 16 workers.
[PhysX] Initialized MultithreadedTaskDispatcher with 16 workers.
[PhysX] Initialized MultithreadedTaskDispatcher with 16 workers.
[PhysX] Initialized MultithreadedTaskDispatcher with 16 workers.
[PhysX] Initialized MultithreadedTaskDispatcher with 16 workers.
[PhysX] Initialized MultithreadedTaskDispatcher with 16 workers.
 -> (artifact id: '88d9ba1cd392946f487662ac4056ebb7') in 0.059273 seconds
Number of updated asset objects reloaded before import = 0
Number of asset objects unloaded after import = 23
========================================================================
Received Import Request.
  Time since last request: 0.000051 seconds.
  path: Assets/Low_Poly_Nature_Pack_Lite/Models/Trees/Tree_01_winter.fbx
  artifactKey: Guid(e379987d83784c442bbc99488ad97516) Importer(815301076,1909f56bfc062723c751e8b465ee728b)
Start importing Assets/Low_Poly_Nature_Pack_Lite/Models/Trees/Tree_01_winter.fbx using Guid(e379987d83784c442bbc99488ad97516) Importer(815301076,1909f56bfc062723c751e8b465ee728b) [PhysX] Initialized MultithreadedTaskDispatcher with 16 workers.
[PhysX] Initialized MultithreadedTaskDispatcher with 16 workers.
[PhysX] Initialized MultithreadedTaskDispatcher with 16 workers.
[PhysX] Initialized MultithreadedTaskDispatcher with 16 workers.
[PhysX] Initialized MultithreadedTaskDispatcher with 16 workers.
[PhysX] Initialized MultithreadedTaskDispatcher with 16 workers.
[PhysX] Initialized MultithreadedTaskDispatcher with 16 workers.
 -> (artifact id: 'd61f73b7d8add434b4f9dbc0bf7043a7') in 0.056708 seconds
Number of updated asset objects reloaded before import = 0
Number of asset objects unloaded after import = 23
========================================================================
Received Import Request.
  Time since last request: 0.000041 seconds.
  path: Assets/Low_Poly_Nature_Pack_Lite/Models/Stones
  artifactKey: Guid(8facb56ea166d0742ba51e4dbf167a7d) Importer(815301076,1909f56bfc062723c751e8b465ee728b)
Start importing Assets/Low_Poly_Nature_Pack_Lite/Models/Stones using Guid(8facb56ea166d0742ba51e4dbf167a7d) Importer(815301076,1909f56bfc062723c751e8b465ee728b) [PhysX] Initialized MultithreadedTaskDispatcher with 16 workers.
 -> (artifact id: 'd01511b8d380c56a734f51bb968c8981') in 0.000827 seconds
Number of updated asset objects reloaded before import = 0
Number of asset objects unloaded after import = 0
========================================================================
Received Import Request.
  Time since last request: 0.000030 seconds.
  path: Assets/Low_Poly_Nature_Pack_Lite/Models/Plants/Grass_2.fbx
  artifactKey: Guid(7ab87e5cead05ea47906b76e83032837) Importer(815301076,1909f56bfc062723c751e8b465ee728b)
Start importing Assets/Low_Poly_Nature_Pack_Lite/Models/Plants/Grass_2.fbx using Guid(7ab87e5cead05ea47906b76e83032837) Importer(815301076,1909f56bfc062723c751e8b465ee728b) [PhysX] Initialized MultithreadedTaskDispatcher with 16 workers.
[PhysX] Initialized MultithreadedTaskDispatcher with 16 workers.
[PhysX] Initialized MultithreadedTaskDispatcher with 16 workers.
 -> (artifact id: '7755aae03029ebb328949e89a54b85dd') in 0.031695 seconds
Number of updated asset objects reloaded before import = 0
Number of asset objects unloaded after import = 9
========================================================================
Received Import Request.
  Time since last request: 0.000065 seconds.
  path: Assets/Low_Poly_Nature_Pack_Lite/Models/Clouds/Cloud_3.fbx
  artifactKey: Guid(14e1a7edcf529fa4080f3e06e4393f59) Importer(815301076,1909f56bfc062723c751e8b465ee728b)
Start importing Assets/Low_Poly_Nature_Pack_Lite/Models/Clouds/Cloud_3.fbx using Guid(14e1a7edcf529fa4080f3e06e4393f59) Importer(815301076,1909f56bfc062723c751e8b465ee728b) [PhysX] Initialized MultithreadedTaskDispatcher with 16 workers.
[PhysX] Initialized MultithreadedTaskDispatcher with 16 workers.
[PhysX] Initialized MultithreadedTaskDispatcher with 16 workers.
 -> (artifact id: '43048298f65ea601567b6bb3443096f8') in 0.031300 seconds
Number of updated asset objects reloaded before import = 0
Number of asset objects unloaded after import = 9
========================================================================
Received Import Request.
  Time since last request: 0.000041 seconds.
  path: Assets/Low_Poly_Nature_Pack_Lite/Prefabs/Bushes/Bush_5_winter.prefab
  artifactKey: Guid(eed86dedd7c853d469965cf0012dcdd8) Importer(815301076,1909f56bfc062723c751e8b465ee728b)
Start importing Assets/Low_Poly_Nature_Pack_Lite/Prefabs/Bushes/Bush_5_winter.prefab using Guid(eed86dedd7c853d469965cf0012dcdd8) Importer(815301076,1909f56bfc062723c751e8b465ee728b) [PhysX] Initialized MultithreadedTaskDispatcher with 16 workers.
[PhysX] Initialized MultithreadedTaskDispatcher with 16 workers.
 -> (artifact id: '9ed8584b9a5430c35213e65319a94e3f') in 0.025962 seconds
Number of updated asset objects reloaded before import = 0
Number of asset objects unloaded after import = 26
========================================================================
Received Import Request.
  Time since last request: 0.000036 seconds.
  path: Assets/Low_Poly_Nature_Pack_Lite/Models/Clouds
  artifactKey: Guid(0c9420279360b624fbb0a76337343e79) Importer(815301076,1909f56bfc062723c751e8b465ee728b)
Start importing Assets/Low_Poly_Nature_Pack_Lite/Models/Clouds using Guid(0c9420279360b624fbb0a76337343e79) Importer(815301076,1909f56bfc062723c751e8b465ee728b) [PhysX] Initialized MultithreadedTaskDispatcher with 16 workers.
 -> (artifact id: '3040326a26ea2a9393aeb45f0ffd469e') in 0.000968 seconds
Number of updated asset objects reloaded before import = 0
Number of asset objects unloaded after import = 0
========================================================================
Received Import Request.
  Time since last request: 0.000171 seconds.
  path: Assets/Low_Poly_Nature_Pack_Lite/Prefabs/Bushes/Bush_2_summer_blue.prefab
  artifactKey: Guid(b45ddd6d63190f34b8f0382c5a3e86cd) Importer(815301076,1909f56bfc062723c751e8b465ee728b)
Start importing Assets/Low_Poly_Nature_Pack_Lite/Prefabs/Bushes/Bush_2_summer_blue.prefab using Guid(b45ddd6d63190f34b8f0382c5a3e86cd) Importer(815301076,1909f56bfc062723c751e8b465ee728b) [PhysX] Initialized MultithreadedTaskDispatcher with 16 workers.
[PhysX] Initialized MultithreadedTaskDispatcher with 16 workers.
 -> (artifact id: '8f7736dc65ab75ae67778fd930912194') in 0.024818 seconds
Number of updated asset objects reloaded before import = 0
Number of asset objects unloaded after import = 20
========================================================================
Received Import Request.
  Time since last request: 0.000036 seconds.
  path: Assets/Low_Poly_Nature_Pack_Lite/Models/Bushes/Bush_5_summer.fbx
  artifactKey: Guid(ffd5c3b59f2658f409c10d8ed23b5d15) Importer(815301076,1909f56bfc062723c751e8b465ee728b)
Start importing Assets/Low_Poly_Nature_Pack_Lite/Models/Bushes/Bush_5_summer.fbx using Guid(ffd5c3b59f2658f409c10d8ed23b5d15) Importer(815301076,1909f56bfc062723c751e8b465ee728b) [PhysX] Initialized MultithreadedTaskDispatcher with 16 workers.
[PhysX] Initialized MultithreadedTaskDispatcher with 16 workers.
[PhysX] Initialized MultithreadedTaskDispatcher with 16 workers.
[PhysX] Initialized MultithreadedTaskDispatcher with 16 workers.
[PhysX] Initialized MultithreadedTaskDispatcher with 16 workers.
[PhysX] Initialized MultithreadedTaskDispatcher with 16 workers.
[PhysX] Initialized MultithreadedTaskDispatcher with 16 workers.
[PhysX] Initialized MultithreadedTaskDispatcher with 16 workers.
[PhysX] Initialized MultithreadedTaskDispatcher with 16 workers.
[PhysX] Initialized MultithreadedTaskDispatcher with 16 workers.
 -> (artifact id: 'b975fe93c235f9f0b3162734ca69a410') in 0.085511 seconds
Number of updated asset objects reloaded before import = 0
Number of asset objects unloaded after import = 38
========================================================================
Received Import Request.
  Time since last request: 0.000031 seconds.
  path: Assets/Low_Poly_Nature_Pack_Lite/Models/Bushes/Bush_11_gradient_blue.fbx
  artifactKey: Guid(a222220cd70f7704cb56bb278c5031ae) Importer(815301076,1909f56bfc062723c751e8b465ee728b)
Start importing Assets/Low_Poly_Nature_Pack_Lite/Models/Bushes/Bush_11_gradient_blue.fbx using Guid(a222220cd70f7704cb56bb278c5031ae) Importer(815301076,1909f56bfc062723c751e8b465ee728b) [PhysX] Initialized MultithreadedTaskDispatcher with 16 workers.
[PhysX] Initialized MultithreadedTaskDispatcher with 16 workers.
[PhysX] Initialized MultithreadedTaskDispatcher with 16 workers.
[PhysX] Initialized MultithreadedTaskDispatcher with 16 workers.
[PhysX] Initialized MultithreadedTaskDispatcher with 16 workers.
[PhysX] Initialized MultithreadedTaskDispatcher with 16 workers.
[PhysX] Initialized MultithreadedTaskDispatcher with 16 workers.
 -> (artifact id: 'f7a82cc5d6e530f4b6640add4c3f876d') in 0.056153 seconds
Number of updated asset objects reloaded before import = 0
Number of asset objects unloaded after import = 23
========================================================================
Received Import Request.
  Time since last request: 0.000044 seconds.
  path: Assets/Low_Poly_Nature_Pack_Lite/Prefabs/Bushes/Bush_5_gradient_red.prefab
  artifactKey: Guid(c57eff60b10f9f444b3f893b30784fd6) Importer(815301076,1909f56bfc062723c751e8b465ee728b)
Start importing Assets/Low_Poly_Nature_Pack_Lite/Prefabs/Bushes/Bush_5_gradient_red.prefab using Guid(c57eff60b10f9f444b3f893b30784fd6) Importer(815301076,1909f56bfc062723c751e8b465ee728b) [PhysX] Initialized MultithreadedTaskDispatcher with 16 workers.
[PhysX] Initialized MultithreadedTaskDispatcher with 16 workers.
 -> (artifact id: 'bc7118b9521cc429e5395026edc48ff5') in 0.026781 seconds
Number of updated asset objects reloaded before import = 0
Number of asset objects unloaded after import = 29
========================================================================
Received Import Request.
  Time since last request: 0.000044 seconds.
  path: Assets/Low_Poly_Nature_Pack_Lite/Models/Plants/Pot_2.fbx
  artifactKey: Guid(049d3fb36c73e1044a13ab507bf20059) Importer(815301076,1909f56bfc062723c751e8b465ee728b)
Start importing Assets/Low_Poly_Nature_Pack_Lite/Models/Plants/Pot_2.fbx using Guid(049d3fb36c73e1044a13ab507bf20059) Importer(815301076,1909f56bfc062723c751e8b465ee728b) [PhysX] Initialized MultithreadedTaskDispatcher with 16 workers.
[PhysX] Initialized MultithreadedTaskDispatcher with 16 workers.
[PhysX] Initialized MultithreadedTaskDispatcher with 16 workers.
[PhysX] Initialized MultithreadedTaskDispatcher with 16 workers.
[PhysX] Initialized MultithreadedTaskDispatcher with 16 workers.
[PhysX] Initialized MultithreadedTaskDispatcher with 16 workers.
[PhysX] Initialized MultithreadedTaskDispatcher with 16 workers.
[PhysX] Initialized MultithreadedTaskDispatcher with 16 workers.
[PhysX] Initialized MultithreadedTaskDispatcher with 16 workers.
[PhysX] Initialized MultithreadedTaskDispatcher with 16 workers.
 -> (artifact id: '595134e26ca0d44c7c0a44393057a083') in 0.064218 seconds
Number of updated asset objects reloaded before import = 0
Number of asset objects unloaded after import = 38
========================================================================
Received Import Request.
  Time since last request: 61.825666 seconds.
  path: Assets/Low_Poly_Nature_Pack_Lite/Textures
  artifactKey: Guid(f0a80ad8a94b17b4aa79876733a4aa94) Importer(815301076,1909f56bfc062723c751e8b465ee728b)
Start importing Assets/Low_Poly_Nature_Pack_Lite/Textures using Guid(f0a80ad8a94b17b4aa79876733a4aa94) Importer(815301076,1909f56bfc062723c751e8b465ee728b) [PhysX] Initialized MultithreadedTaskDispatcher with 16 workers.
 -> (artifact id: '7f13e257fdfb7f32af7b43284368a006') in 0.000785 seconds
Number of updated asset objects reloaded before import = 0
Number of asset objects unloaded after import = 0
========================================================================
Received Import Request.
  Time since last request: 19.325329 seconds.
  path: Assets/Low_Poly_Nature_Pack_Lite/Scenes
  artifactKey: Guid(aad850b8a11b16d4fa94e6ee51b8e88e) Importer(815301076,1909f56bfc062723c751e8b465ee728b)
Start importing Assets/Low_Poly_Nature_Pack_Lite/Scenes using Guid(aad850b8a11b16d4fa94e6ee51b8e88e) Importer(815301076,1909f56bfc062723c751e8b465ee728b) [PhysX] Initialized MultithreadedTaskDispatcher with 16 workers.
 -> (artifact id: '32d78b2882d7511b5a16b5ca61a7d68c') in 0.000772 seconds
Number of updated asset objects reloaded before import = 0
Number of asset objects unloaded after import = 0
========================================================================
Received Import Request.
  Time since last request: 10.053831 seconds.
  path: Assets/Low_Poly_Nature_Pack_Lite/SRP_Support_Packages
  artifactKey: Guid(cb753a8c1b0bd9a4e8684c77d80abadf) Importer(815301076,1909f56bfc062723c751e8b465ee728b)
Start importing Assets/Low_Poly_Nature_Pack_Lite/SRP_Support_Packages using Guid(cb753a8c1b0bd9a4e8684c77d80abadf) Importer(815301076,1909f56bfc062723c751e8b465ee728b) [PhysX] Initialized MultithreadedTaskDispatcher with 16 workers.
 -> (artifact id: 'b5fcaa132fb4cfb2e8d9df75c2b43571') in 0.000648 seconds
Number of updated asset objects reloaded before import = 0
Number of asset objects unloaded after import = 0
========================================================================
Received Import Request.
  Time since last request: 100.406217 seconds.
  path: Assets/Models]
  artifactKey: Guid(a8fe4c171368ed949a45f300bb0b2f0c) Importer(815301076,1909f56bfc062723c751e8b465ee728b)
Start importing Assets/Models] using Guid(a8fe4c171368ed949a45f300bb0b2f0c) Importer(815301076,1909f56bfc062723c751e8b465ee728b) [PhysX] Initialized MultithreadedTaskDispatcher with 16 workers.
 -> (artifact id: '38c1074e27a65c81fb9b060813db77c3') in 0.000599 seconds
Number of updated asset objects reloaded before import = 0
Number of asset objects unloaded after import = 0
========================================================================
Received Import Request.
  Time since last request: 2.296003 seconds.
  path: Assets/Models
  artifactKey: Guid(a8fe4c171368ed949a45f300bb0b2f0c) Importer(815301076,1909f56bfc062723c751e8b465ee728b)
Start importing Assets/Models using Guid(a8fe4c171368ed949a45f300bb0b2f0c) Importer(815301076,1909f56bfc062723c751e8b465ee728b) [PhysX] Initialized MultithreadedTaskDispatcher with 16 workers.
 -> (artifact id: '0576c59b84d1dd7bcf9ea2008a279055') in 0.000518 seconds
Number of updated asset objects reloaded before import = 0
Number of asset objects unloaded after import = 0
========================================================================
Received Import Request.
  Time since last request: 31.529263 seconds.
  path: Assets/Models/Low_Poly_Nature_Pack_Lite/Models/Bushes/Bush_11_summer.fbx
  artifactKey: Guid(8f719f4c790bb3e46b1ef7379ddce413) Importer(815301076,1909f56bfc062723c751e8b465ee728b)
Start importing Assets/Models/Low_Poly_Nature_Pack_Lite/Models/Bushes/Bush_11_summer.fbx using Guid(8f719f4c790bb3e46b1ef7379ddce413) Importer(815301076,1909f56bfc062723c751e8b465ee728b) [PhysX] Initialized MultithreadedTaskDispatcher with 16 workers.
[PhysX] Initialized MultithreadedTaskDispatcher with 16 workers.
[PhysX] Initialized MultithreadedTaskDispatcher with 16 workers.
[PhysX] Initialized MultithreadedTaskDispatcher with 16 workers.
[PhysX] Initialized MultithreadedTaskDispatcher with 16 workers.
[PhysX] Initialized MultithreadedTaskDispatcher with 16 workers.
[PhysX] Initialized MultithreadedTaskDispatcher with 16 workers.
 -> (artifact id: '0475b637c2d4203017630d7947601d75') in 0.045168 seconds
Number of updated asset objects reloaded before import = 0
Number of asset objects unloaded after import = 23
========================================================================
Received Import Request.
  Time since last request: 66.997167 seconds.
  path: Assets/Models/Low_Poly_Nature_Pack_Lite/Models/Trees/Tree_09_gradient_blue.fbx
  artifactKey: Guid(773ff37214841cf4293abf916512108a) Importer(815301076,1909f56bfc062723c751e8b465ee728b)
Start importing Assets/Models/Low_Poly_Nature_Pack_Lite/Models/Trees/Tree_09_gradient_blue.fbx using Guid(773ff37214841cf4293abf916512108a) Importer(815301076,1909f56bfc062723c751e8b465ee728b) [PhysX] Initialized MultithreadedTaskDispatcher with 16 workers.
[PhysX] Initialized MultithreadedTaskDispatcher with 16 workers.
[PhysX] Initialized MultithreadedTaskDispatcher with 16 workers.
[PhysX] Initialized MultithreadedTaskDispatcher with 16 workers.
[PhysX] Initialized MultithreadedTaskDispatcher with 16 workers.
[PhysX] Initialized MultithreadedTaskDispatcher with 16 workers.
[PhysX] Initialized MultithreadedTaskDispatcher with 16 workers.
[PhysX] Initialized MultithreadedTaskDispatcher with 16 workers.
[PhysX] Initialized MultithreadedTaskDispatcher with 16 workers.
[PhysX] Initialized MultithreadedTaskDispatcher with 16 workers.
[PhysX] Initialized MultithreadedTaskDispatcher with 16 workers.
[PhysX] Initialized MultithreadedTaskDispatcher with 16 workers.
[PhysX] Initialized MultithreadedTaskDispatcher with 16 workers.
[PhysX] Initialized MultithreadedTaskDispatcher with 16 workers.
 -> (artifact id: '507b9513c0f891735eded081ad5b8f52') in 0.115365 seconds
Number of updated asset objects reloaded before import = 0
Number of asset objects unloaded after import = 58
========================================================================
Received Import Request.
  Time since last request: 0.000042 seconds.
  path: Assets/Models/Low_Poly_Nature_Pack_Lite/Models/Trees/Tree_19_winter_blue.fbx
  artifactKey: Guid(cc3602c79a836754ca3cbd32734366ea) Importer(815301076,1909f56bfc062723c751e8b465ee728b)
Start importing Assets/Models/Low_Poly_Nature_Pack_Lite/Models/Trees/Tree_19_winter_blue.fbx using Guid(cc3602c79a836754ca3cbd32734366ea) Importer(815301076,1909f56bfc062723c751e8b465ee728b) [PhysX] Initialized MultithreadedTaskDispatcher with 16 workers.
[PhysX] Initialized MultithreadedTaskDispatcher with 16 workers.
[PhysX] Initialized MultithreadedTaskDispatcher with 16 workers.
[PhysX] Initialized MultithreadedTaskDispatcher with 16 workers.
[PhysX] Initialized MultithreadedTaskDispatcher with 16 workers.
[PhysX] Initialized MultithreadedTaskDispatcher with 16 workers.
[PhysX] Initialized MultithreadedTaskDispatcher with 16 workers.
[PhysX] Initialized MultithreadedTaskDispatcher with 16 workers.
[PhysX] Initialized MultithreadedTaskDispatcher with 16 workers.
 -> (artifact id: 'fdc1667e7c867f3346b6b724fcd7f0cf') in 0.066344 seconds
Number of updated asset objects reloaded before import = 0
Number of asset objects unloaded after import = 33
========================================================================
Received Import Request.
  Time since last request: 0.000077 seconds.
  path: Assets/Models/Low_Poly_Nature_Pack_Lite/Models/Trees/Tree_21_winter_red.fbx
  artifactKey: Guid(9108730f427cdf146baabd7417677172) Importer(815301076,1909f56bfc062723c751e8b465ee728b)
Start importing Assets/Models/Low_Poly_Nature_Pack_Lite/Models/Trees/Tree_21_winter_red.fbx using Guid(9108730f427cdf146baabd7417677172) Importer(815301076,1909f56bfc062723c751e8b465ee728b) [PhysX] Initialized MultithreadedTaskDispatcher with 16 workers.
[PhysX] Initialized MultithreadedTaskDispatcher with 16 workers.
[PhysX] Initialized MultithreadedTaskDispatcher with 16 workers.
[PhysX] Initialized MultithreadedTaskDispatcher with 16 workers.
[PhysX] Initialized MultithreadedTaskDispatcher with 16 workers.
[PhysX] Initialized MultithreadedTaskDispatcher with 16 workers.
[PhysX] Initialized MultithreadedTaskDispatcher with 16 workers.
 -> (artifact id: '983faebcfbe3203ad62fd57e12aaefe3') in 0.053695 seconds
Number of updated asset objects reloaded before import = 0
Number of asset objects unloaded after import = 23
========================================================================
Received Import Request.
  Time since last request: 0.000028 seconds.
  path: Assets/Models/Low_Poly_Nature_Pack_Lite/Models/Trees/Tree_28_gradient_green.fbx
  artifactKey: Guid(a2860d1aeeca0aa4da463c859bc86791) Importer(815301076,1909f56bfc062723c751e8b465ee728b)
Start importing Assets/Models/Low_Poly_Nature_Pack_Lite/Models/Trees/Tree_28_gradient_green.fbx using Guid(a2860d1aeeca0aa4da463c859bc86791) Importer(815301076,1909f56bfc062723c751e8b465ee728b) [PhysX] Initialized MultithreadedTaskDispatcher with 16 workers.
[PhysX] Initialized MultithreadedTaskDispatcher with 16 workers.
[PhysX] Initialized MultithreadedTaskDispatcher with 16 workers.
[PhysX] Initialized MultithreadedTaskDispatcher with 16 workers.
[PhysX] Initialized MultithreadedTaskDispatcher with 16 workers.
[PhysX] Initialized MultithreadedTaskDispatcher with 16 workers.
[PhysX] Initialized MultithreadedTaskDispatcher with 16 workers.
 -> (artifact id: 'c014288121c25fbec9a0e98857f57d20') in 0.053747 seconds
Number of updated asset objects reloaded before import = 0
Number of asset objects unloaded after import = 23
========================================================================
Received Import Request.
  Time since last request: 0.000026 seconds.
  path: Assets/Models/Low_Poly_Nature_Pack_Lite/Models/Trees/Tree_28_summer.fbx
  artifactKey: Guid(c72cad621201cea4dac7e2070e81f626) Importer(815301076,1909f56bfc062723c751e8b465ee728b)
Start importing Assets/Models/Low_Poly_Nature_Pack_Lite/Models/Trees/Tree_28_summer.fbx using Guid(c72cad621201cea4dac7e2070e81f626) Importer(815301076,1909f56bfc062723c751e8b465ee728b) [PhysX] Initialized MultithreadedTaskDispatcher with 16 workers.
[PhysX] Initialized MultithreadedTaskDispatcher with 16 workers.
[PhysX] Initialized MultithreadedTaskDispatcher with 16 workers.
[PhysX] Initialized MultithreadedTaskDispatcher with 16 workers.
[PhysX] Initialized MultithreadedTaskDispatcher with 16 workers.
[PhysX] Initialized MultithreadedTaskDispatcher with 16 workers.
[PhysX] Initialized MultithreadedTaskDispatcher with 16 workers.
 -> (artifact id: '4b1043237346fa8d96825234c652f67c') in 0.051350 seconds
Number of updated asset objects reloaded before import = 0
Number of asset objects unloaded after import = 23
========================================================================
Received Import Request.
  Time since last request: 0.000041 seconds.
  path: Assets/Models/Low_Poly_Nature_Pack_Lite/Models/Trees/Tree_41_gradient_blue.fbx
  artifactKey: Guid(1ddcb6661958f6b4db487d1944b4b312) Importer(815301076,1909f56bfc062723c751e8b465ee728b)
Start importing Assets/Models/Low_Poly_Nature_Pack_Lite/Models/Trees/Tree_41_gradient_blue.fbx using Guid(1ddcb6661958f6b4db487d1944b4b312) Importer(815301076,1909f56bfc062723c751e8b465ee728b) [PhysX] Initialized MultithreadedTaskDispatcher with 16 workers.
[PhysX] Initialized MultithreadedTaskDispatcher with 16 workers.
[PhysX] Initialized MultithreadedTaskDispatcher with 16 workers.
[PhysX] Initialized MultithreadedTaskDispatcher with 16 workers.
[PhysX] Initialized MultithreadedTaskDispatcher with 16 workers.
[PhysX] Initialized MultithreadedTaskDispatcher with 16 workers.
[PhysX] Initialized MultithreadedTaskDispatcher with 16 workers.
 -> (artifact id: 'd00e11ac35fa2e58a197ee697e3c1f71') in 0.061030 seconds
Number of updated asset objects reloaded before import = 0
Number of asset objects unloaded after import = 23
========================================================================
Received Import Request.
  Time since last request: 0.000041 seconds.
  path: Assets/Models/Low_Poly_Nature_Pack_Lite/Models/Trees/Tree_19_gradient_red.fbx
  artifactKey: Guid(f71f9d7555ae5464e93150306fda362f) Importer(815301076,1909f56bfc062723c751e8b465ee728b)
Start importing Assets/Models/Low_Poly_Nature_Pack_Lite/Models/Trees/Tree_19_gradient_red.fbx using Guid(f71f9d7555ae5464e93150306fda362f) Importer(815301076,1909f56bfc062723c751e8b465ee728b) [PhysX] Initialized MultithreadedTaskDispatcher with 16 workers.
[PhysX] Initialized MultithreadedTaskDispatcher with 16 workers.
[PhysX] Initialized MultithreadedTaskDispatcher with 16 workers.
[PhysX] Initialized MultithreadedTaskDispatcher with 16 workers.
[PhysX] Initialized MultithreadedTaskDispatcher with 16 workers.
[PhysX] Initialized MultithreadedTaskDispatcher with 16 workers.
[PhysX] Initialized MultithreadedTaskDispatcher with 16 workers.
[PhysX] Initialized MultithreadedTaskDispatcher with 16 workers.
[PhysX] Initialized MultithreadedTaskDispatcher with 16 workers.
 -> (artifact id: '1b452f53eef6860d563c586f1aedec8a') in 0.069100 seconds
Number of updated asset objects reloaded before import = 0
Number of asset objects unloaded after import = 33
========================================================================
Received Import Request.
  Time since last request: 0.000041 seconds.
  path: Assets/Models/Low_Poly_Nature_Pack_Lite/Models/Trees/Tree_19_winter_red.fbx
  artifactKey: Guid(188fa8811f448264b970f8f4c0237d50) Importer(815301076,1909f56bfc062723c751e8b465ee728b)
Start importing Assets/Models/Low_Poly_Nature_Pack_Lite/Models/Trees/Tree_19_winter_red.fbx using Guid(188fa8811f448264b970f8f4c0237d50) Importer(815301076,1909f56bfc062723c751e8b465ee728b) [PhysX] Initialized MultithreadedTaskDispatcher with 16 workers.
[PhysX] Initialized MultithreadedTaskDispatcher with 16 workers.
[PhysX] Initialized MultithreadedTaskDispatcher with 16 workers.
[PhysX] Initialized MultithreadedTaskDispatcher with 16 workers.
[PhysX] Initialized MultithreadedTaskDispatcher with 16 workers.
[PhysX] Initialized MultithreadedTaskDispatcher with 16 workers.
[PhysX] Initialized MultithreadedTaskDispatcher with 16 workers.
[PhysX] Initialized MultithreadedTaskDispatcher with 16 workers.
[PhysX] Initialized MultithreadedTaskDispatcher with 16 workers.
 -> (artifact id: '8668b8cb59068a433a1e64cba759221d') in 0.056134 seconds
Number of updated asset objects reloaded before import = 0
Number of asset objects unloaded after import = 33
========================================================================
Received Import Request.
  Time since last request: 0.000044 seconds.
  path: Assets/Models/Low_Poly_Nature_Pack_Lite/Models/Trees/Tree_19_gradient_green.fbx
  artifactKey: Guid(f943256059285134f82875490acdada6) Importer(815301076,1909f56bfc062723c751e8b465ee728b)
Start importing Assets/Models/Low_Poly_Nature_Pack_Lite/Models/Trees/Tree_19_gradient_green.fbx using Guid(f943256059285134f82875490acdada6) Importer(815301076,1909f56bfc062723c751e8b465ee728b) [PhysX] Initialized MultithreadedTaskDispatcher with 16 workers.
[PhysX] Initialized MultithreadedTaskDispatcher with 16 workers.
[PhysX] Initialized MultithreadedTaskDispatcher with 16 workers.
[PhysX] Initialized MultithreadedTaskDispatcher with 16 workers.
[PhysX] Initialized MultithreadedTaskDispatcher with 16 workers.
[PhysX] Initialized MultithreadedTaskDispatcher with 16 workers.
[PhysX] Initialized MultithreadedTaskDispatcher with 16 workers.
[PhysX] Initialized MultithreadedTaskDispatcher with 16 workers.
[PhysX] Initialized MultithreadedTaskDispatcher with 16 workers.
 -> (artifact id: '673e3aaf8145cb9c123f407adf43406a') in 0.061608 seconds
Number of updated asset objects reloaded before import = 0
Number of asset objects unloaded after import = 33
========================================================================
Received Import Request.
  Time since last request: 0.000034 seconds.
  path: Assets/Models/Low_Poly_Nature_Pack_Lite/Models/Trees/Tree_19_winter_gradient_yellow.fbx
  artifactKey: Guid(c040ac05787580748818a998f24ad20d) Importer(815301076,1909f56bfc062723c751e8b465ee728b)
Start importing Assets/Models/Low_Poly_Nature_Pack_Lite/Models/Trees/Tree_19_winter_gradient_yellow.fbx using Guid(c040ac05787580748818a998f24ad20d) Importer(815301076,1909f56bfc062723c751e8b465ee728b) [PhysX] Initialized MultithreadedTaskDispatcher with 16 workers.
[PhysX] Initialized MultithreadedTaskDispatcher with 16 workers.
[PhysX] Initialized MultithreadedTaskDispatcher with 16 workers.
[PhysX] Initialized MultithreadedTaskDispatcher with 16 workers.
[PhysX] Initialized MultithreadedTaskDispatcher with 16 workers.
[PhysX] Initialized MultithreadedTaskDispatcher with 16 workers.
[PhysX] Initialized MultithreadedTaskDispatcher with 16 workers.
[PhysX] Initialized MultithreadedTaskDispatcher with 16 workers.
[PhysX] Initialized MultithreadedTaskDispatcher with 16 workers.
 -> (artifact id: '41b65a35bf4e3b4bf36da79789bd8f28') in 0.060651 seconds
Number of updated asset objects reloaded before import = 0
Number of asset objects unloaded after import = 33
========================================================================
Received Import Request.
  Time since last request: 0.000050 seconds.
  path: Assets/Models/Low_Poly_Nature_Pack_Lite/Models/Trees/Tree_19_summer_blue.fbx
  artifactKey: Guid(b1cd3cbe4492f3143b1f37074e0a5461) Importer(815301076,1909f56bfc062723c751e8b465ee728b)
Start importing Assets/Models/Low_Poly_Nature_Pack_Lite/Models/Trees/Tree_19_summer_blue.fbx using Guid(b1cd3cbe4492f3143b1f37074e0a5461) Importer(815301076,1909f56bfc062723c751e8b465ee728b) [PhysX] Initialized MultithreadedTaskDispatcher with 16 workers.
[PhysX] Initialized MultithreadedTaskDispatcher with 16 workers.
[PhysX] Initialized MultithreadedTaskDispatcher with 16 workers.
[PhysX] Initialized MultithreadedTaskDispatcher with 16 workers.
[PhysX] Initialized MultithreadedTaskDispatcher with 16 workers.
[PhysX] Initialized MultithreadedTaskDispatcher with 16 workers.
[PhysX] Initialized MultithreadedTaskDispatcher with 16 workers.
[PhysX] Initialized MultithreadedTaskDispatcher with 16 workers.
[PhysX] Initialized MultithreadedTaskDispatcher with 16 workers.
 -> (artifact id: 'e5c44471ea15446afb7901e37f20bed1') in 0.064585 seconds
Number of updated asset objects reloaded before import = 0
Number of asset objects unloaded after import = 33
========================================================================
Received Import Request.
  Time since last request: 0.000033 seconds.
  path: Assets/Models/Low_Poly_Nature_Pack_Lite/Models/Trees/Tree_09_summer_blue.fbx
  artifactKey: Guid(8f0048e10aaca6e4d8382b20900d6667) Importer(815301076,1909f56bfc062723c751e8b465ee728b)
Start importing Assets/Models/Low_Poly_Nature_Pack_Lite/Models/Trees/Tree_09_summer_blue.fbx using Guid(8f0048e10aaca6e4d8382b20900d6667) Importer(815301076,1909f56bfc062723c751e8b465ee728b) [PhysX] Initialized MultithreadedTaskDispatcher with 16 workers.
[PhysX] Initialized MultithreadedTaskDispatcher with 16 workers.
[PhysX] Initialized MultithreadedTaskDispatcher with 16 workers.
[PhysX] Initialized MultithreadedTaskDispatcher with 16 workers.
[PhysX] Initialized MultithreadedTaskDispatcher with 16 workers.
[PhysX] Initialized MultithreadedTaskDispatcher with 16 workers.
[PhysX] Initialized MultithreadedTaskDispatcher with 16 workers.
[PhysX] Initialized MultithreadedTaskDispatcher with 16 workers.
[PhysX] Initialized MultithreadedTaskDispatcher with 16 workers.
[PhysX] Initialized MultithreadedTaskDispatcher with 16 workers.
[PhysX] Initialized MultithreadedTaskDispatcher with 16 workers.
[PhysX] Initialized MultithreadedTaskDispatcher with 16 workers.
[PhysX] Initialized MultithreadedTaskDispatcher with 16 workers.
[PhysX] Initialized MultithreadedTaskDispatcher with 16 workers.
 -> (artifact id: '3036b03cd6f91d8bbe861033d27b03a2') in 0.090451 seconds
Number of updated asset objects reloaded before import = 0
Number of asset objects unloaded after import = 58
========================================================================
Received Import Request.
  Time since last request: 0.000064 seconds.
  path: Assets/Models/Low_Poly_Nature_Pack_Lite/Models/Trees/Tree_21_summer_red.fbx
  artifactKey: Guid(bf9cecd4b95f5694b9478b95ff78a2b3) Importer(815301076,1909f56bfc062723c751e8b465ee728b)
Start importing Assets/Models/Low_Poly_Nature_Pack_Lite/Models/Trees/Tree_21_summer_red.fbx using Guid(bf9cecd4b95f5694b9478b95ff78a2b3) Importer(815301076,1909f56bfc062723c751e8b465ee728b) [PhysX] Initialized MultithreadedTaskDispatcher with 16 workers.
[PhysX] Initialized MultithreadedTaskDispatcher with 16 workers.
[PhysX] Initialized MultithreadedTaskDispatcher with 16 workers.
[PhysX] Initialized MultithreadedTaskDispatcher with 16 workers.
[PhysX] Initialized MultithreadedTaskDispatcher with 16 workers.
[PhysX] Initialized MultithreadedTaskDispatcher with 16 workers.
[PhysX] Initialized MultithreadedTaskDispatcher with 16 workers.
 -> (artifact id: 'b77fe4cd1ae2ec4b4f491a8b1e28b80c') in 0.050438 seconds
Number of updated asset objects reloaded before import = 0
Number of asset objects unloaded after import = 23
========================================================================
Received Import Request.
  Time since last request: 0.000030 seconds.
  path: Assets/Models/Low_Poly_Nature_Pack_Lite/Models/Trees/Tree_19_gradient_yellow.fbx
  artifactKey: Guid(d833e798f34dbea489690317bf9de742) Importer(815301076,1909f56bfc062723c751e8b465ee728b)
Start importing Assets/Models/Low_Poly_Nature_Pack_Lite/Models/Trees/Tree_19_gradient_yellow.fbx using Guid(d833e798f34dbea489690317bf9de742) Importer(815301076,1909f56bfc062723c751e8b465ee728b) [PhysX] Initialized MultithreadedTaskDispatcher with 16 workers.
[PhysX] Initialized MultithreadedTaskDispatcher with 16 workers.
[PhysX] Initialized MultithreadedTaskDispatcher with 16 workers.
[PhysX] Initialized MultithreadedTaskDispatcher with 16 workers.
[PhysX] Initialized MultithreadedTaskDispatcher with 16 workers.
[PhysX] Initialized MultithreadedTaskDispatcher with 16 workers.
[PhysX] Initialized MultithreadedTaskDispatcher with 16 workers.
[PhysX] Initialized MultithreadedTaskDispatcher with 16 workers.
[PhysX] Initialized MultithreadedTaskDispatcher with 16 workers.
 -> (artifact id: 'bdcda5e2ca32a6c2e44deb49a4d08304') in 0.064253 seconds
Number of updated asset objects reloaded before import = 0
Number of asset objects unloaded after import = 33
========================================================================
Received Import Request.
  Time since last request: 0.000028 seconds.
  path: Assets/Models/Low_Poly_Nature_Pack_Lite/Models/Trees/Tree_09_gradient_red.fbx
  artifactKey: Guid(9313d0a6efc762b488cef798ab5080f0) Importer(815301076,1909f56bfc062723c751e8b465ee728b)
Start importing Assets/Models/Low_Poly_Nature_Pack_Lite/Models/Trees/Tree_09_gradient_red.fbx using Guid(9313d0a6efc762b488cef798ab5080f0) Importer(815301076,1909f56bfc062723c751e8b465ee728b) [PhysX] Initialized MultithreadedTaskDispatcher with 16 workers.
[PhysX] Initialized MultithreadedTaskDispatcher with 16 workers.
[PhysX] Initialized MultithreadedTaskDispatcher with 16 workers.
[PhysX] Initialized MultithreadedTaskDispatcher with 16 workers.
[PhysX] Initialized MultithreadedTaskDispatcher with 16 workers.
[PhysX] Initialized MultithreadedTaskDispatcher with 16 workers.
[PhysX] Initialized MultithreadedTaskDispatcher with 16 workers.
[PhysX] Initialized MultithreadedTaskDispatcher with 16 workers.
[PhysX] Initialized MultithreadedTaskDispatcher with 16 workers.
[PhysX] Initialized MultithreadedTaskDispatcher with 16 workers.
[PhysX] Initialized MultithreadedTaskDispatcher with 16 workers.
[PhysX] Initialized MultithreadedTaskDispatcher with 16 workers.
[PhysX] Initialized MultithreadedTaskDispatcher with 16 workers.
[PhysX] Initialized MultithreadedTaskDispatcher with 16 workers.
 -> (artifact id: '5840952911dbf08349682a2a107a0957') in 0.081251 seconds
Number of updated asset objects reloaded before import = 0
Number of asset objects unloaded after import = 58
========================================================================
Received Import Request.
  Time since last request: 0.000041 seconds.
  path: Assets/Models/Low_Poly_Nature_Pack_Lite/Models/Trees/Tree_19_winter_gradient_blue.fbx
  artifactKey: Guid(4771b138bbfe8e14d836b10064845fee) Importer(815301076,1909f56bfc062723c751e8b465ee728b)
Start importing Assets/Models/Low_Poly_Nature_Pack_Lite/Models/Trees/Tree_19_winter_gradient_blue.fbx using Guid(4771b138bbfe8e14d836b10064845fee) Importer(815301076,1909f56bfc062723c751e8b465ee728b) [PhysX] Initialized MultithreadedTaskDispatcher with 16 workers.
[PhysX] Initialized MultithreadedTaskDispatcher with 16 workers.
[PhysX] Initialized MultithreadedTaskDispatcher with 16 workers.
[PhysX] Initialized MultithreadedTaskDispatcher with 16 workers.
[PhysX] Initialized MultithreadedTaskDispatcher with 16 workers.
[PhysX] Initialized MultithreadedTaskDispatcher with 16 workers.
[PhysX] Initialized MultithreadedTaskDispatcher with 16 workers.
[PhysX] Initialized MultithreadedTaskDispatcher with 16 workers.
[PhysX] Initialized MultithreadedTaskDispatcher with 16 workers.
 -> (artifact id: '6fbb253b799a5e9df937a8e60771e31e') in 0.055262 seconds
Number of updated asset objects reloaded before import = 0
Number of asset objects unloaded after import = 33
========================================================================
Received Import Request.
  Time since last request: 0.000038 seconds.
  path: Assets/Models/Low_Poly_Nature_Pack_Lite/Models/Trees/Tree_21_gradient_blue.fbx
  artifactKey: Guid(707da128c35e90e4da5cb72dd90abed2) Importer(815301076,1909f56bfc062723c751e8b465ee728b)
Start importing Assets/Models/Low_Poly_Nature_Pack_Lite/Models/Trees/Tree_21_gradient_blue.fbx using Guid(707da128c35e90e4da5cb72dd90abed2) Importer(815301076,1909f56bfc062723c751e8b465ee728b) [PhysX] Initialized MultithreadedTaskDispatcher with 16 workers.
[PhysX] Initialized MultithreadedTaskDispatcher with 16 workers.
[PhysX] Initialized MultithreadedTaskDispatcher with 16 workers.
[PhysX] Initialized MultithreadedTaskDispatcher with 16 workers.
[PhysX] Initialized MultithreadedTaskDispatcher with 16 workers.
[PhysX] Initialized MultithreadedTaskDispatcher with 16 workers.
[PhysX] Initialized MultithreadedTaskDispatcher with 16 workers.
 -> (artifact id: '1d2f1aa0e637b8b51bd07f8fcdae7637') in 0.046467 seconds
Number of updated asset objects reloaded before import = 0
Number of asset objects unloaded after import = 23
========================================================================
Received Import Request.
  Time since last request: 0.000049 seconds.
  path: Assets/Models/Low_Poly_Nature_Pack_Lite/Models/Trees/Tree_19_gradient_blue.fbx
  artifactKey: Guid(4e8b5e700f9deaa4191d299120d1a40f) Importer(815301076,1909f56bfc062723c751e8b465ee728b)
Start importing Assets/Models/Low_Poly_Nature_Pack_Lite/Models/Trees/Tree_19_gradient_blue.fbx using Guid(4e8b5e700f9deaa4191d299120d1a40f) Importer(815301076,1909f56bfc062723c751e8b465ee728b) [PhysX] Initialized MultithreadedTaskDispatcher with 16 workers.
[PhysX] Initialized MultithreadedTaskDispatcher with 16 workers.
[PhysX] Initialized MultithreadedTaskDispatcher with 16 workers.
[PhysX] Initialized MultithreadedTaskDispatcher with 16 workers.
[PhysX] Initialized MultithreadedTaskDispatcher with 16 workers.
[PhysX] Initialized MultithreadedTaskDispatcher with 16 workers.
[PhysX] Initialized MultithreadedTaskDispatcher with 16 workers.
[PhysX] Initialized MultithreadedTaskDispatcher with 16 workers.
[PhysX] Initialized MultithreadedTaskDispatcher with 16 workers.
 -> (artifact id: '5813750faef52c991af014b9c0b8c0ba') in 0.054927 seconds
Number of updated asset objects reloaded before import = 0
Number of asset objects unloaded after import = 33
========================================================================
Received Import Request.
  Time since last request: 0.000039 seconds.
  path: Assets/Models/Low_Poly_Nature_Pack_Lite/Models/Trees/Tree_21_winter_blue.fbx
  artifactKey: Guid(4a4ad06045d464642a3793dca19bda8a) Importer(815301076,1909f56bfc062723c751e8b465ee728b)
Start importing Assets/Models/Low_Poly_Nature_Pack_Lite/Models/Trees/Tree_21_winter_blue.fbx using Guid(4a4ad06045d464642a3793dca19bda8a) Importer(815301076,1909f56bfc062723c751e8b465ee728b) [PhysX] Initialized MultithreadedTaskDispatcher with 16 workers.
[PhysX] Initialized MultithreadedTaskDispatcher with 16 workers.
[PhysX] Initialized MultithreadedTaskDispatcher with 16 workers.
[PhysX] Initialized MultithreadedTaskDispatcher with 16 workers.
[PhysX] Initialized MultithreadedTaskDispatcher with 16 workers.
[PhysX] Initialized MultithreadedTaskDispatcher with 16 workers.
[PhysX] Initialized MultithreadedTaskDispatcher with 16 workers.
 -> (artifact id: '7c370a698b71db7d52b79978104fe80a') in 0.049259 seconds
Number of updated asset objects reloaded before import = 0
Number of asset objects unloaded after import = 23
========================================================================
Received Import Request.
  Time since last request: 0.000039 seconds.
  path: Assets/Models/Low_Poly_Nature_Pack_Lite/Models/Trees/Tree_21_winter.fbx
  artifactKey: Guid(62362f32876fa2e438410a196524255c) Importer(815301076,1909f56bfc062723c751e8b465ee728b)
Start importing Assets/Models/Low_Poly_Nature_Pack_Lite/Models/Trees/Tree_21_winter.fbx using Guid(62362f32876fa2e438410a196524255c) Importer(815301076,1909f56bfc062723c751e8b465ee728b) [PhysX] Initialized MultithreadedTaskDispatcher with 16 workers.
[PhysX] Initialized MultithreadedTaskDispatcher with 16 workers.
[PhysX] Initialized MultithreadedTaskDispatcher with 16 workers.
[PhysX] Initialized MultithreadedTaskDispatcher with 16 workers.
[PhysX] Initialized MultithreadedTaskDispatcher with 16 workers.
[PhysX] Initialized MultithreadedTaskDispatcher with 16 workers.
[PhysX] Initialized MultithreadedTaskDispatcher with 16 workers.
 -> (artifact id: '1cc8fb71ddef88ce70e3e46eec1f2dbb') in 0.052371 seconds
Number of updated asset objects reloaded before import = 0
Number of asset objects unloaded after import = 23
========================================================================
Received Import Request.
  Time since last request: 0.000065 seconds.
  path: Assets/Models/Low_Poly_Nature_Pack_Lite/Models/Trees/Tree_19_autumn.fbx
  artifactKey: Guid(b047d8e739ed2ca47ac93916e4cb9247) Importer(815301076,1909f56bfc062723c751e8b465ee728b)
Start importing Assets/Models/Low_Poly_Nature_Pack_Lite/Models/Trees/Tree_19_autumn.fbx using Guid(b047d8e739ed2ca47ac93916e4cb9247) Importer(815301076,1909f56bfc062723c751e8b465ee728b) [PhysX] Initialized MultithreadedTaskDispatcher with 16 workers.
[PhysX] Initialized MultithreadedTaskDispatcher with 16 workers.
[PhysX] Initialized MultithreadedTaskDispatcher with 16 workers.
[PhysX] Initialized MultithreadedTaskDispatcher with 16 workers.
[PhysX] Initialized MultithreadedTaskDispatcher with 16 workers.
[PhysX] Initialized MultithreadedTaskDispatcher with 16 workers.
[PhysX] Initialized MultithreadedTaskDispatcher with 16 workers.
[PhysX] Initialized MultithreadedTaskDispatcher with 16 workers.
[PhysX] Initialized MultithreadedTaskDispatcher with 16 workers.
 -> (artifact id: 'b4d1a2fbf5eb94b213bc1cba8a32682f') in 0.059281 seconds
Number of updated asset objects reloaded before import = 0
Number of asset objects unloaded after import = 33
========================================================================
Received Import Request.
  Time since last request: 0.000052 seconds.
  path: Assets/Models/Low_Poly_Nature_Pack_Lite/Models/Trees/Tree_09_summer_red.fbx
  artifactKey: Guid(b3402f44ee292bd42b7a9b57a9bb6592) Importer(815301076,1909f56bfc062723c751e8b465ee728b)
Start importing Assets/Models/Low_Poly_Nature_Pack_Lite/Models/Trees/Tree_09_summer_red.fbx using Guid(b3402f44ee292bd42b7a9b57a9bb6592) Importer(815301076,1909f56bfc062723c751e8b465ee728b) [PhysX] Initialized MultithreadedTaskDispatcher with 16 workers.
[PhysX] Initialized MultithreadedTaskDispatcher with 16 workers.
[PhysX] Initialized MultithreadedTaskDispatcher with 16 workers.
[PhysX] Initialized MultithreadedTaskDispatcher with 16 workers.
[PhysX] Initialized MultithreadedTaskDispatcher with 16 workers.
[PhysX] Initialized MultithreadedTaskDispatcher with 16 workers.
[PhysX] Initialized MultithreadedTaskDispatcher with 16 workers.
[PhysX] Initialized MultithreadedTaskDispatcher with 16 workers.
[PhysX] Initialized MultithreadedTaskDispatcher with 16 workers.
[PhysX] Initialized MultithreadedTaskDispatcher with 16 workers.
[PhysX] Initialized MultithreadedTaskDispatcher with 16 workers.
[PhysX] Initialized MultithreadedTaskDispatcher with 16 workers.
[PhysX] Initialized MultithreadedTaskDispatcher with 16 workers.
[PhysX] Initialized MultithreadedTaskDispatcher with 16 workers.
 -> (artifact id: '427a8dc8b05e252c76eb304c33a974dc') in 0.086687 seconds
Number of updated asset objects reloaded before import = 0
Number of asset objects unloaded after import = 58
========================================================================
Received Import Request.
  Time since last request: 0.000035 seconds.
  path: Assets/Models/Low_Poly_Nature_Pack_Lite/Models/Trees/Tree_41_autumn.fbx
  artifactKey: Guid(739ecead3c16870499835ad87d69f0ee) Importer(815301076,1909f56bfc062723c751e8b465ee728b)
Start importing Assets/Models/Low_Poly_Nature_Pack_Lite/Models/Trees/Tree_41_autumn.fbx using Guid(739ecead3c16870499835ad87d69f0ee) Importer(815301076,1909f56bfc062723c751e8b465ee728b) [PhysX] Initialized MultithreadedTaskDispatcher with 16 workers.
[PhysX] Initialized MultithreadedTaskDispatcher with 16 workers.
[PhysX] Initialized MultithreadedTaskDispatcher with 16 workers.
[PhysX] Initialized MultithreadedTaskDispatcher with 16 workers.
[PhysX] Initialized MultithreadedTaskDispatcher with 16 workers.
[PhysX] Initialized MultithreadedTaskDispatcher with 16 workers.
[PhysX] Initialized MultithreadedTaskDispatcher with 16 workers.
 -> (artifact id: 'b2b0d4c5849207c0bf5a7910399ccb4d') in 0.048149 seconds
Number of updated asset objects reloaded before import = 0
Number of asset objects unloaded after import = 23
Editor requested this worker to shutdown with reason: Scaling down because of idle timeout
TcpMessagingSession - receive error: operation aborted. errorcode: 995, details: The I/O operation has been aborted because of either a thread exit or an application request.
AssetImportWorker is now disconnected from the server
Process exiting
Exiting without the bug reporter. Application will terminate with return code 0