Using pre-set license
Built from '2022.3/staging' branch; Version is '2022.3.60f1 (5f63fdee6d95) revision 6251517'; Using compiler version '192829333'; Build Type 'Release'
OS: 'Windows 11  (10.0.22631) 64bit Core' Language: 'en' Physical Memory: 15791 MB
BatchMode: 1, IsHumanControllingUs: 0, StartBugReporterOnCrash: 0, Is64bit: 1, IsPro: 1

COMMAND LINE ARGUMENTS:
C:\Program Files\Unity\Hub\Editor\2022.3.60f1\Editor\Unity.exe
-adb2
-batchMode
-noUpm
-name
AssetImportWorker3
-projectPath
C:/Users/Masa/VR-Project
-logFile
Logs/AssetImportWorker3.log
-srvPort
51044
Successfully changed project path to: C:/Users/Masa/VR-Project
C:/Users/Masa/VR-Project
[UnityMemory] Configuration Parameters - Can be set up in boot.config
    "memorysetup-bucket-allocator-granularity=16"
    "memorysetup-bucket-allocator-bucket-count=8"
    "memorysetup-bucket-allocator-block-size=33554432"
    "memorysetup-bucket-allocator-block-count=8"
    "memorysetup-main-allocator-block-size=16777216"
    "memorysetup-thread-allocator-block-size=16777216"
    "memorysetup-gfx-main-allocator-block-size=16777216"
    "memorysetup-gfx-thread-allocator-block-size=16777216"
    "memorysetup-cache-allocator-block-size=4194304"
    "memorysetup-typetree-allocator-block-size=2097152"
    "memorysetup-profiler-bucket-allocator-granularity=16"
    "memorysetup-profiler-bucket-allocator-bucket-count=8"
    "memorysetup-profiler-bucket-allocator-block-size=33554432"
    "memorysetup-profiler-bucket-allocator-block-count=8"
    "memorysetup-profiler-allocator-block-size=16777216"
    "memorysetup-profiler-editor-allocator-block-size=1048576"
    "memorysetup-temp-allocator-size-main=16777216"
    "memorysetup-job-temp-allocator-block-size=2097152"
    "memorysetup-job-temp-allocator-block-size-background=1048576"
    "memorysetup-job-temp-allocator-reduction-small-platforms=262144"
    "memorysetup-allocator-temp-initial-block-size-main=262144"
    "memorysetup-allocator-temp-initial-block-size-worker=262144"
    "memorysetup-temp-allocator-size-background-worker=32768"
    "memorysetup-temp-allocator-size-job-worker=262144"
    "memorysetup-temp-allocator-size-preload-manager=33554432"
    "memorysetup-temp-allocator-size-nav-mesh-worker=65536"
    "memorysetup-temp-allocator-size-audio-worker=65536"
    "memorysetup-temp-allocator-size-cloud-worker=32768"
    "memorysetup-temp-allocator-size-gi-baking-worker=262144"
    "memorysetup-temp-allocator-size-gfx=262144"
Player connection [34756]  Target information:

Player connection [34756]  * "[IP] 192.168.85.1 [Port] 0 [Flags] 2 [Guid] 1826685185 [EditorId] 1826685185 [Version] 1048832 [Id] WindowsEditor(7,LAPTOP-AOC9EG3G) [Debug] 1 [PackageName] WindowsEditor [ProjectName] Editor" 

Player connection [34756]  * "[IP] 192.168.182.1 [Port] 0 [Flags] 2 [Guid] 1826685185 [EditorId] 1826685185 [Version] 1048832 [Id] WindowsEditor(7,LAPTOP-AOC9EG3G) [Debug] 1 [PackageName] WindowsEditor [ProjectName] Editor" 

Player connection [34756]  * "[IP] 10.2.0.2 [Port] 0 [Flags] 2 [Guid] 1826685185 [EditorId] 1826685185 [Version] 1048832 [Id] WindowsEditor(7,LAPTOP-AOC9EG3G) [Debug] 1 [PackageName] WindowsEditor [ProjectName] Editor" 

Player connection [34756]  * "[IP] 172.20.10.2 [Port] 0 [Flags] 2 [Guid] 1826685185 [EditorId] 1826685185 [Version] 1048832 [Id] WindowsEditor(7,LAPTOP-AOC9EG3G) [Debug] 1 [PackageName] WindowsEditor [ProjectName] Editor" 

Player connection [34756] Host joined multi-casting on [225.0.0.222:54997]...
Player connection [34756] Host joined alternative multi-casting on [225.0.0.222:34997]...
Input System module state changed to: Initialized.
[PhysX] Initialized MultithreadedTaskDispatcher with 16 workers.
Refreshing native plugins compatible for Editor in 157.51 ms, found 3 plugins.
Preloading 0 native plugins for Editor in 0.00 ms.
Initialize engine version: 2022.3.60f1 (5f63fdee6d95)
[Subsystems] Discovering subsystems at path C:/Program Files/Unity/Hub/Editor/2022.3.60f1/Editor/Data/Resources/UnitySubsystems
[Subsystems] Discovering subsystems at path C:/Users/Masa/VR-Project/Assets
GfxDevice: creating device client; threaded=0; jobified=0
Direct3D:
    Version:  Direct3D 11.0 [level 11.1]
    Renderer: NVIDIA GeForce RTX 3050 Laptop GPU (ID=0x25a5)
    Vendor:   NVIDIA
    VRAM:     3964 MB
    Driver:   32.0.15.6607
Initialize mono
Mono path[0] = 'C:/Program Files/Unity/Hub/Editor/2022.3.60f1/Editor/Data/Managed'
Mono path[1] = 'C:/Program Files/Unity/Hub/Editor/2022.3.60f1/Editor/Data/MonoBleedingEdge/lib/mono/unityjit-win32'
Mono config path = 'C:/Program Files/Unity/Hub/Editor/2022.3.60f1/Editor/Data/MonoBleedingEdge/etc'
Using monoOptions --debugger-agent=transport=dt_socket,embedding=1,server=y,suspend=n,address=127.0.0.1:56196
Begin MonoManager ReloadAssembly
Registering precompiled unity dll's ...
Register platform support module: C:/Program Files/Unity/Hub/Editor/2022.3.60f1/Editor/Data/PlaybackEngines/WindowsStandaloneSupport/UnityEditor.WindowsStandalone.Extensions.dll
Registered in 0.008039 seconds.
- Loaded All Assemblies, in  0.846 seconds
Native extension for WindowsStandalone target not found
Mono: successfully reloaded assembly
- Finished resetting the current domain, in  0.319 seconds
Domain Reload Profiling: 1163ms
	BeginReloadAssembly (135ms)
		ExecutionOrderSort (0ms)
		DisableScriptedObjects (0ms)
		BackupInstance (0ms)
		ReleaseScriptingObjects (0ms)
		CreateAndSetChildDomain (1ms)
	RebuildCommonClasses (245ms)
	RebuildNativeTypeToScriptingClass (12ms)
	initialDomainReloadingComplete (70ms)
	LoadAllAssembliesAndSetupDomain (383ms)
		LoadAssemblies (132ms)
		RebuildTransferFunctionScriptingTraits (0ms)
		AnalyzeDomain (381ms)
			TypeCache.Refresh (379ms)
				TypeCache.ScanAssembly (364ms)
			ScanForSourceGeneratedMonoScriptInfo (0ms)
			ResolveRequiredComponents (1ms)
	FinalizeReload (319ms)
		ReleaseScriptCaches (0ms)
		RebuildScriptCaches (0ms)
		SetupLoadedEditorAssemblies (264ms)
			LogAssemblyErrors (0ms)
			InitializePlatformSupportModulesInManaged (11ms)
			SetLoadedEditorAssemblies (10ms)
			RefreshPlugins (0ms)
			BeforeProcessingInitializeOnLoad (2ms)
			ProcessInitializeOnLoadAttributes (178ms)
			ProcessInitializeOnLoadMethodAttributes (63ms)
			AfterProcessingInitializeOnLoad (0ms)
			EditorAssembliesLoaded (0ms)
		ExecutionOrderSort2 (0ms)
		AwakeInstancesAfterBackupRestoration (0ms)
========================================================================
Worker process is ready to serve import requests
Caller must complete domain reload
Begin MonoManager ReloadAssembly
- Loaded All Assemblies, in  0.843 seconds
Native extension for WindowsStandalone target not found
Mono: successfully reloaded assembly
- Finished resetting the current domain, in  0.674 seconds
Domain Reload Profiling: 1514ms
	BeginReloadAssembly (193ms)
		ExecutionOrderSort (0ms)
		DisableScriptedObjects (8ms)
		BackupInstance (0ms)
		ReleaseScriptingObjects (0ms)
		CreateAndSetChildDomain (31ms)
	RebuildCommonClasses (49ms)
	RebuildNativeTypeToScriptingClass (12ms)
	initialDomainReloadingComplete (58ms)
	LoadAllAssembliesAndSetupDomain (529ms)
		LoadAssemblies (403ms)
		RebuildTransferFunctionScriptingTraits (0ms)
		AnalyzeDomain (233ms)
			TypeCache.Refresh (190ms)
				TypeCache.ScanAssembly (169ms)
			ScanForSourceGeneratedMonoScriptInfo (25ms)
			ResolveRequiredComponents (17ms)
	FinalizeReload (674ms)
		ReleaseScriptCaches (0ms)
		RebuildScriptCaches (0ms)
		SetupLoadedEditorAssemblies (496ms)
			LogAssemblyErrors (0ms)
			InitializePlatformSupportModulesInManaged (10ms)
			SetLoadedEditorAssemblies (4ms)
			RefreshPlugins (0ms)
			BeforeProcessingInitializeOnLoad (64ms)
			ProcessInitializeOnLoadAttributes (382ms)
			ProcessInitializeOnLoadMethodAttributes (28ms)
			AfterProcessingInitializeOnLoad (7ms)
			EditorAssembliesLoaded (0ms)
		ExecutionOrderSort2 (0ms)
		AwakeInstancesAfterBackupRestoration (7ms)
Launched and connected shader compiler UnityShaderCompiler.exe after 0.13 seconds
Refreshing native plugins compatible for Editor in 6.12 ms, found 3 plugins.
Preloading 0 native plugins for Editor in 0.00 ms.
Unloading 3145 Unused Serialized files (Serialized files now loaded: 0)
Unloading 19 unused Assets / (55.5 KB). Loaded Objects now: 3628.
Memory consumption went from 129.8 MB to 129.7 MB.
Total: 5.381700 ms (FindLiveObjects: 0.856300 ms CreateObjectMapping: 0.388600 ms MarkObjects: 3.809900 ms  DeleteObjects: 0.324500 ms)

AssetImportParameters requested are different than current active one (requested -> active):
  custom:container-demuxer-ogg: 62fdf1f143b41e24485cea50d1cbac27 -> 
  custom:video-codec-MediaFoundation-h265: 746d11721c4dcdbdad8f713fa42b33f4 -> 
  custom:video-decoder-ogg-theora: a1e56fd34408186e4bbccfd4996cb3dc -> 
  custom:framework-win-MediaFoundation: 216162199b28c13a410421893ffa2e32 -> 
  custom:CustomObjectIndexerAttribute: 9a22284fe3817be447336de3de66b15e -> 
  custom:container-demuxer-webm: 4f35f7cbe854078d1ac9338744f61a02 -> 
  custom:container-muxer-webm: aa71ff27fc2769a1b78a27578f13a17b -> 
  custom:video-decoder-webm-vp8: 9c59270c3fd7afecdb556c50c9e8de78 -> 
  custom:SearchIndexIgnoredProperties: e643bd26f0fe6173181afceb89e7c659 -> 
  custom:AudioImporter_EditorPlatform: d09bf68614088b80899f8185d706f6e7 -> 
  custom:video-encoder-webm-vp8: eb34c28f22e8b96e1ab97ce403110664 -> 
  custom:audio-decoder-ogg-vorbis: bf7c407c2cedff20999df2af8eb42d56 -> 
  custom:audio-encoder-webm-vorbis: bf7c407c2cedff20999df2af8eb42d56 -> 
========================================================================
Received Import Request.
  Time since last request: 100113.609189 seconds.
  path: Assets/Low_Poly_Nature_Pack_Lite/Prefabs/Bushes
  artifactKey: Guid(6b631140171e33d4d9295358c9b0d8cf) Importer(815301076,1909f56bfc062723c751e8b465ee728b)
Start importing Assets/Low_Poly_Nature_Pack_Lite/Prefabs/Bushes using Guid(6b631140171e33d4d9295358c9b0d8cf) Importer(815301076,1909f56bfc062723c751e8b465ee728b) [PhysX] Initialized MultithreadedTaskDispatcher with 16 workers.
 -> (artifact id: '8ff64009af3c5bd0cba77e0af5ee2492') in 0.003923 seconds
Number of updated asset objects reloaded before import = 0
Number of asset objects unloaded after import = 0
========================================================================
Received Import Request.
  Time since last request: 0.000030 seconds.
  path: Assets/Low_Poly_Nature_Pack_Lite/Models/Trees/Tree_01_winter_gradient_green.fbx
  artifactKey: Guid(af00d0c2554fe9e4da451fc9cc0562b1) Importer(815301076,1909f56bfc062723c751e8b465ee728b)
Start importing Assets/Low_Poly_Nature_Pack_Lite/Models/Trees/Tree_01_winter_gradient_green.fbx using Guid(af00d0c2554fe9e4da451fc9cc0562b1) Importer(815301076,1909f56bfc062723c751e8b465ee728b) [PhysX] Initialized MultithreadedTaskDispatcher with 16 workers.
[PhysX] Initialized MultithreadedTaskDispatcher with 16 workers.
[PhysX] Initialized MultithreadedTaskDispatcher with 16 workers.
[PhysX] Initialized MultithreadedTaskDispatcher with 16 workers.
[PhysX] Initialized MultithreadedTaskDispatcher with 16 workers.
[PhysX] Initialized MultithreadedTaskDispatcher with 16 workers.
[PhysX] Initialized MultithreadedTaskDispatcher with 16 workers.
 -> (artifact id: '18f0628c2d932f19af4978fb187f916b') in 0.234588 seconds
Number of updated asset objects reloaded before import = 0
Number of asset objects unloaded after import = 23
========================================================================
Received Import Request.
  Time since last request: 0.000067 seconds.
  path: Assets/Low_Poly_Nature_Pack_Lite/Models/Stones/Stone_5_moss_brown.fbx
  artifactKey: Guid(18ac2410002257444a5c82691f7adfe5) Importer(815301076,1909f56bfc062723c751e8b465ee728b)
Start importing Assets/Low_Poly_Nature_Pack_Lite/Models/Stones/Stone_5_moss_brown.fbx using Guid(18ac2410002257444a5c82691f7adfe5) Importer(815301076,1909f56bfc062723c751e8b465ee728b) [PhysX] Initialized MultithreadedTaskDispatcher with 16 workers.
[PhysX] Initialized MultithreadedTaskDispatcher with 16 workers.
[PhysX] Initialized MultithreadedTaskDispatcher with 16 workers.
[PhysX] Initialized MultithreadedTaskDispatcher with 16 workers.
[PhysX] Initialized MultithreadedTaskDispatcher with 16 workers.
[PhysX] Initialized MultithreadedTaskDispatcher with 16 workers.
 -> (artifact id: '97ab531dc28cc4f34d267c37af471c98') in 0.060363 seconds
Number of updated asset objects reloaded before import = 0
Number of asset objects unloaded after import = 18
========================================================================
Received Import Request.
  Time since last request: 0.000081 seconds.
  path: Assets/Low_Poly_Nature_Pack_Lite/Models/Bushes/Bush_2_summer_blue.fbx
  artifactKey: Guid(5152aee50422e564fb33bfe84f15c9f3) Importer(815301076,1909f56bfc062723c751e8b465ee728b)
Start importing Assets/Low_Poly_Nature_Pack_Lite/Models/Bushes/Bush_2_summer_blue.fbx using Guid(5152aee50422e564fb33bfe84f15c9f3) Importer(815301076,1909f56bfc062723c751e8b465ee728b) [PhysX] Initialized MultithreadedTaskDispatcher with 16 workers.
[PhysX] Initialized MultithreadedTaskDispatcher with 16 workers.
[PhysX] Initialized MultithreadedTaskDispatcher with 16 workers.
[PhysX] Initialized MultithreadedTaskDispatcher with 16 workers.
[PhysX] Initialized MultithreadedTaskDispatcher with 16 workers.
[PhysX] Initialized MultithreadedTaskDispatcher with 16 workers.
[PhysX] Initialized MultithreadedTaskDispatcher with 16 workers.
 -> (artifact id: 'a7182b5a0a77e2036f35c54ab4d8d176') in 0.056154 seconds
Number of updated asset objects reloaded before import = 0
Number of asset objects unloaded after import = 23
========================================================================
Received Import Request.
  Time since last request: 0.000037 seconds.
  path: Assets/Low_Poly_Nature_Pack_Lite/Models/Trees/Tree_05_gradient_blue.fbx
  artifactKey: Guid(37ee7174d1f55244194a9b20842baf62) Importer(815301076,1909f56bfc062723c751e8b465ee728b)
Start importing Assets/Low_Poly_Nature_Pack_Lite/Models/Trees/Tree_05_gradient_blue.fbx using Guid(37ee7174d1f55244194a9b20842baf62) Importer(815301076,1909f56bfc062723c751e8b465ee728b) [PhysX] Initialized MultithreadedTaskDispatcher with 16 workers.
[PhysX] Initialized MultithreadedTaskDispatcher with 16 workers.
[PhysX] Initialized MultithreadedTaskDispatcher with 16 workers.
[PhysX] Initialized MultithreadedTaskDispatcher with 16 workers.
[PhysX] Initialized MultithreadedTaskDispatcher with 16 workers.
[PhysX] Initialized MultithreadedTaskDispatcher with 16 workers.
[PhysX] Initialized MultithreadedTaskDispatcher with 16 workers.
 -> (artifact id: '5c7932979d26b4c5752c2b656ba174f3') in 0.061703 seconds
Number of updated asset objects reloaded before import = 0
Number of asset objects unloaded after import = 23
========================================================================
Received Import Request.
  Time since last request: 0.000036 seconds.
  path: Assets/Low_Poly_Nature_Pack_Lite/Models/Bushes/Bush_2_autumn.fbx
  artifactKey: Guid(4075f3d169c385c4485865a490969672) Importer(815301076,1909f56bfc062723c751e8b465ee728b)
Start importing Assets/Low_Poly_Nature_Pack_Lite/Models/Bushes/Bush_2_autumn.fbx using Guid(4075f3d169c385c4485865a490969672) Importer(815301076,1909f56bfc062723c751e8b465ee728b) [PhysX] Initialized MultithreadedTaskDispatcher with 16 workers.
[PhysX] Initialized MultithreadedTaskDispatcher with 16 workers.
[PhysX] Initialized MultithreadedTaskDispatcher with 16 workers.
[PhysX] Initialized MultithreadedTaskDispatcher with 16 workers.
[PhysX] Initialized MultithreadedTaskDispatcher with 16 workers.
[PhysX] Initialized MultithreadedTaskDispatcher with 16 workers.
[PhysX] Initialized MultithreadedTaskDispatcher with 16 workers.
 -> (artifact id: '0089029415b33199c83c51676af7d293') in 0.064511 seconds
Number of updated asset objects reloaded before import = 0
Number of asset objects unloaded after import = 23
========================================================================
Received Import Request.
  Time since last request: 0.000051 seconds.
  path: Assets/Low_Poly_Nature_Pack_Lite/Models/Clouds/Cloud_6.fbx
  artifactKey: Guid(021037a3fa609b24eb3826ac82e0dfeb) Importer(815301076,1909f56bfc062723c751e8b465ee728b)
Start importing Assets/Low_Poly_Nature_Pack_Lite/Models/Clouds/Cloud_6.fbx using Guid(021037a3fa609b24eb3826ac82e0dfeb) Importer(815301076,1909f56bfc062723c751e8b465ee728b) [PhysX] Initialized MultithreadedTaskDispatcher with 16 workers.
[PhysX] Initialized MultithreadedTaskDispatcher with 16 workers.
[PhysX] Initialized MultithreadedTaskDispatcher with 16 workers.
 -> (artifact id: '278cff7ad7acd9affff9e38dffbe212c') in 0.032722 seconds
Number of updated asset objects reloaded before import = 0
Number of asset objects unloaded after import = 9
========================================================================
Received Import Request.
  Time since last request: 0.000027 seconds.
  path: Assets/Low_Poly_Nature_Pack_Lite/Models/Stones/Stone_5_moss.fbx
  artifactKey: Guid(0ac57b39a785b7c40bf5e08958d8172d) Importer(815301076,1909f56bfc062723c751e8b465ee728b)
Start importing Assets/Low_Poly_Nature_Pack_Lite/Models/Stones/Stone_5_moss.fbx using Guid(0ac57b39a785b7c40bf5e08958d8172d) Importer(815301076,1909f56bfc062723c751e8b465ee728b) [PhysX] Initialized MultithreadedTaskDispatcher with 16 workers.
[PhysX] Initialized MultithreadedTaskDispatcher with 16 workers.
[PhysX] Initialized MultithreadedTaskDispatcher with 16 workers.
[PhysX] Initialized MultithreadedTaskDispatcher with 16 workers.
[PhysX] Initialized MultithreadedTaskDispatcher with 16 workers.
[PhysX] Initialized MultithreadedTaskDispatcher with 16 workers.
 -> (artifact id: 'cb89060f1862b7a08c912867183d5d83') in 0.047496 seconds
Number of updated asset objects reloaded before import = 0
Number of asset objects unloaded after import = 18
========================================================================
Received Import Request.
  Time since last request: 0.000036 seconds.
  path: Assets/Low_Poly_Nature_Pack_Lite/Models/Stones/Stone_5_snow_brown.fbx
  artifactKey: Guid(0363c5a6156453c44ac0bee85c027d3f) Importer(815301076,1909f56bfc062723c751e8b465ee728b)
Start importing Assets/Low_Poly_Nature_Pack_Lite/Models/Stones/Stone_5_snow_brown.fbx using Guid(0363c5a6156453c44ac0bee85c027d3f) Importer(815301076,1909f56bfc062723c751e8b465ee728b) [PhysX] Initialized MultithreadedTaskDispatcher with 16 workers.
[PhysX] Initialized MultithreadedTaskDispatcher with 16 workers.
[PhysX] Initialized MultithreadedTaskDispatcher with 16 workers.
[PhysX] Initialized MultithreadedTaskDispatcher with 16 workers.
[PhysX] Initialized MultithreadedTaskDispatcher with 16 workers.
[PhysX] Initialized MultithreadedTaskDispatcher with 16 workers.
 -> (artifact id: '30336e900ad6fafa0d581ee9a4bedd8f') in 0.053209 seconds
Number of updated asset objects reloaded before import = 0
Number of asset objects unloaded after import = 18
========================================================================
Received Import Request.
  Time since last request: 0.000043 seconds.
  path: Assets/Low_Poly_Nature_Pack_Lite/Models/Trees/Tree_01_winter_blue.fbx
  artifactKey: Guid(c077a727e8a54074e9740f2ae3773e0d) Importer(815301076,1909f56bfc062723c751e8b465ee728b)
Start importing Assets/Low_Poly_Nature_Pack_Lite/Models/Trees/Tree_01_winter_blue.fbx using Guid(c077a727e8a54074e9740f2ae3773e0d) Importer(815301076,1909f56bfc062723c751e8b465ee728b) [PhysX] Initialized MultithreadedTaskDispatcher with 16 workers.
[PhysX] Initialized MultithreadedTaskDispatcher with 16 workers.
[PhysX] Initialized MultithreadedTaskDispatcher with 16 workers.
[PhysX] Initialized MultithreadedTaskDispatcher with 16 workers.
[PhysX] Initialized MultithreadedTaskDispatcher with 16 workers.
[PhysX] Initialized MultithreadedTaskDispatcher with 16 workers.
[PhysX] Initialized MultithreadedTaskDispatcher with 16 workers.
 -> (artifact id: 'e7e281813aee148e6acbd6c36672cf84') in 0.057882 seconds
Number of updated asset objects reloaded before import = 0
Number of asset objects unloaded after import = 23
========================================================================
Received Import Request.
  Time since last request: 0.000029 seconds.
  path: Assets/Low_Poly_Nature_Pack_Lite/Models/Trees/Tree_01_gradient_blue.fbx
  artifactKey: Guid(f7e4e956815934f46ae0629ca7ad0a9c) Importer(815301076,1909f56bfc062723c751e8b465ee728b)
Start importing Assets/Low_Poly_Nature_Pack_Lite/Models/Trees/Tree_01_gradient_blue.fbx using Guid(f7e4e956815934f46ae0629ca7ad0a9c) Importer(815301076,1909f56bfc062723c751e8b465ee728b) [PhysX] Initialized MultithreadedTaskDispatcher with 16 workers.
[PhysX] Initialized MultithreadedTaskDispatcher with 16 workers.
[PhysX] Initialized MultithreadedTaskDispatcher with 16 workers.
[PhysX] Initialized MultithreadedTaskDispatcher with 16 workers.
[PhysX] Initialized MultithreadedTaskDispatcher with 16 workers.
[PhysX] Initialized MultithreadedTaskDispatcher with 16 workers.
[PhysX] Initialized MultithreadedTaskDispatcher with 16 workers.
 -> (artifact id: '272e2a9dd7351cd57ba0b0ee4a7bd136') in 0.059052 seconds
Number of updated asset objects reloaded before import = 0
Number of asset objects unloaded after import = 23
========================================================================
Received Import Request.
  Time since last request: 0.000050 seconds.
  path: Assets/Low_Poly_Nature_Pack_Lite/Prefabs/Bushes/Bush_5_spring.prefab
  artifactKey: Guid(c2a2263b1d649504c87316d22754046f) Importer(815301076,1909f56bfc062723c751e8b465ee728b)
Start importing Assets/Low_Poly_Nature_Pack_Lite/Prefabs/Bushes/Bush_5_spring.prefab using Guid(c2a2263b1d649504c87316d22754046f) Importer(815301076,1909f56bfc062723c751e8b465ee728b) [PhysX] Initialized MultithreadedTaskDispatcher with 16 workers.
[PhysX] Initialized MultithreadedTaskDispatcher with 16 workers.
 -> (artifact id: '599b7dd73988de7cf3cb3473ea8260c5') in 0.026004 seconds
Number of updated asset objects reloaded before import = 0
Number of asset objects unloaded after import = 26
========================================================================
Received Import Request.
  Time since last request: 0.000043 seconds.
  path: Assets/Low_Poly_Nature_Pack_Lite/Models/Stones/Stone_2.fbx
  artifactKey: Guid(ee67dcc0a0c3bfc4f861cc7982ffda8f) Importer(815301076,1909f56bfc062723c751e8b465ee728b)
Start importing Assets/Low_Poly_Nature_Pack_Lite/Models/Stones/Stone_2.fbx using Guid(ee67dcc0a0c3bfc4f861cc7982ffda8f) Importer(815301076,1909f56bfc062723c751e8b465ee728b) [PhysX] Initialized MultithreadedTaskDispatcher with 16 workers.
[PhysX] Initialized MultithreadedTaskDispatcher with 16 workers.
[PhysX] Initialized MultithreadedTaskDispatcher with 16 workers.
[PhysX] Initialized MultithreadedTaskDispatcher with 16 workers.
[PhysX] Initialized MultithreadedTaskDispatcher with 16 workers.
[PhysX] Initialized MultithreadedTaskDispatcher with 16 workers.
 -> (artifact id: '31193cef9bf27fb55d1b529601396b8f') in 0.052297 seconds
Number of updated asset objects reloaded before import = 0
Number of asset objects unloaded after import = 18
========================================================================
Received Import Request.
  Time since last request: 0.000043 seconds.
  path: Assets/Low_Poly_Nature_Pack_Lite/Models/Bushes/Bush_11_gradient_red.fbx
  artifactKey: Guid(77b6ef4a13188d54cb351922bf184361) Importer(815301076,1909f56bfc062723c751e8b465ee728b)
Start importing Assets/Low_Poly_Nature_Pack_Lite/Models/Bushes/Bush_11_gradient_red.fbx using Guid(77b6ef4a13188d54cb351922bf184361) Importer(815301076,1909f56bfc062723c751e8b465ee728b) [PhysX] Initialized MultithreadedTaskDispatcher with 16 workers.
[PhysX] Initialized MultithreadedTaskDispatcher with 16 workers.
[PhysX] Initialized MultithreadedTaskDispatcher with 16 workers.
[PhysX] Initialized MultithreadedTaskDispatcher with 16 workers.
[PhysX] Initialized MultithreadedTaskDispatcher with 16 workers.
[PhysX] Initialized MultithreadedTaskDispatcher with 16 workers.
[PhysX] Initialized MultithreadedTaskDispatcher with 16 workers.
 -> (artifact id: '5aad2dc354df30c409befad2939fb28c') in 0.059725 seconds
Number of updated asset objects reloaded before import = 0
Number of asset objects unloaded after import = 23
========================================================================
Received Import Request.
  Time since last request: 0.000048 seconds.
  path: Assets/Low_Poly_Nature_Pack_Lite/Models/Trees/Tree_05_gradient_red.fbx
  artifactKey: Guid(ffca98e46a7d1db40a79439a0fbca250) Importer(815301076,1909f56bfc062723c751e8b465ee728b)
Start importing Assets/Low_Poly_Nature_Pack_Lite/Models/Trees/Tree_05_gradient_red.fbx using Guid(ffca98e46a7d1db40a79439a0fbca250) Importer(815301076,1909f56bfc062723c751e8b465ee728b) [PhysX] Initialized MultithreadedTaskDispatcher with 16 workers.
[PhysX] Initialized MultithreadedTaskDispatcher with 16 workers.
[PhysX] Initialized MultithreadedTaskDispatcher with 16 workers.
[PhysX] Initialized MultithreadedTaskDispatcher with 16 workers.
[PhysX] Initialized MultithreadedTaskDispatcher with 16 workers.
[PhysX] Initialized MultithreadedTaskDispatcher with 16 workers.
[PhysX] Initialized MultithreadedTaskDispatcher with 16 workers.
 -> (artifact id: 'aa4f76db860c62dc5685c122c2567a12') in 0.052078 seconds
Number of updated asset objects reloaded before import = 0
Number of asset objects unloaded after import = 23
========================================================================
Received Import Request.
  Time since last request: 225.453466 seconds.
  path: Assets/Models/Low_Poly_Nature_Pack_Lite/Models/Bushes/Bush_11_summer_blue.fbx
  artifactKey: Guid(4e93ff34fdd648b49a499eb16feed4b4) Importer(815301076,1909f56bfc062723c751e8b465ee728b)
Start importing Assets/Models/Low_Poly_Nature_Pack_Lite/Models/Bushes/Bush_11_summer_blue.fbx using Guid(4e93ff34fdd648b49a499eb16feed4b4) Importer(815301076,1909f56bfc062723c751e8b465ee728b) [PhysX] Initialized MultithreadedTaskDispatcher with 16 workers.
[PhysX] Initialized MultithreadedTaskDispatcher with 16 workers.
[PhysX] Initialized MultithreadedTaskDispatcher with 16 workers.
[PhysX] Initialized MultithreadedTaskDispatcher with 16 workers.
[PhysX] Initialized MultithreadedTaskDispatcher with 16 workers.
[PhysX] Initialized MultithreadedTaskDispatcher with 16 workers.
[PhysX] Initialized MultithreadedTaskDispatcher with 16 workers.
 -> (artifact id: 'a3adff082890792a9e7baca8d7d4436f') in 0.044527 seconds
Number of updated asset objects reloaded before import = 0
Number of asset objects unloaded after import = 23
========================================================================
Received Import Request.
  Time since last request: 0.000039 seconds.
  path: Assets/Models/Low_Poly_Nature_Pack_Lite/Models/Bushes/Bush_11_summer_red.fbx
  artifactKey: Guid(c105fcbb7064b1b468e79c9e70a318a2) Importer(815301076,1909f56bfc062723c751e8b465ee728b)
Start importing Assets/Models/Low_Poly_Nature_Pack_Lite/Models/Bushes/Bush_11_summer_red.fbx using Guid(c105fcbb7064b1b468e79c9e70a318a2) Importer(815301076,1909f56bfc062723c751e8b465ee728b) [PhysX] Initialized MultithreadedTaskDispatcher with 16 workers.
[PhysX] Initialized MultithreadedTaskDispatcher with 16 workers.
[PhysX] Initialized MultithreadedTaskDispatcher with 16 workers.
[PhysX] Initialized MultithreadedTaskDispatcher with 16 workers.
[PhysX] Initialized MultithreadedTaskDispatcher with 16 workers.
[PhysX] Initialized MultithreadedTaskDispatcher with 16 workers.
[PhysX] Initialized MultithreadedTaskDispatcher with 16 workers.
 -> (artifact id: 'cfc512feb6c1cc65bc660313d8dd09fe') in 0.038432 seconds
Number of updated asset objects reloaded before import = 0
Number of asset objects unloaded after import = 23
========================================================================
Received Import Request.
  Time since last request: 66.958878 seconds.
  path: Assets/Models/Low_Poly_Nature_Pack_Lite/Models/Trees/Tree_09_gradient_green.fbx
  artifactKey: Guid(5eba6e71b7706744181961fb4257d9a3) Importer(815301076,1909f56bfc062723c751e8b465ee728b)
Start importing Assets/Models/Low_Poly_Nature_Pack_Lite/Models/Trees/Tree_09_gradient_green.fbx using Guid(5eba6e71b7706744181961fb4257d9a3) Importer(815301076,1909f56bfc062723c751e8b465ee728b) [PhysX] Initialized MultithreadedTaskDispatcher with 16 workers.
[PhysX] Initialized MultithreadedTaskDispatcher with 16 workers.
[PhysX] Initialized MultithreadedTaskDispatcher with 16 workers.
[PhysX] Initialized MultithreadedTaskDispatcher with 16 workers.
[PhysX] Initialized MultithreadedTaskDispatcher with 16 workers.
[PhysX] Initialized MultithreadedTaskDispatcher with 16 workers.
[PhysX] Initialized MultithreadedTaskDispatcher with 16 workers.
[PhysX] Initialized MultithreadedTaskDispatcher with 16 workers.
[PhysX] Initialized MultithreadedTaskDispatcher with 16 workers.
[PhysX] Initialized MultithreadedTaskDispatcher with 16 workers.
[PhysX] Initialized MultithreadedTaskDispatcher with 16 workers.
[PhysX] Initialized MultithreadedTaskDispatcher with 16 workers.
[PhysX] Initialized MultithreadedTaskDispatcher with 16 workers.
[PhysX] Initialized MultithreadedTaskDispatcher with 16 workers.
 -> (artifact id: 'd6f2cd50d2f9a1e96c0bd8e1f62a0bf6') in 0.110688 seconds
Number of updated asset objects reloaded before import = 0
Number of asset objects unloaded after import = 58
========================================================================
Received Import Request.
  Time since last request: 0.000029 seconds.
  path: Assets/Models/Low_Poly_Nature_Pack_Lite/Models/Trees/Tree_09_summer.fbx
  artifactKey: Guid(89690d749d336404d89ebe2286771e76) Importer(815301076,1909f56bfc062723c751e8b465ee728b)
Start importing Assets/Models/Low_Poly_Nature_Pack_Lite/Models/Trees/Tree_09_summer.fbx using Guid(89690d749d336404d89ebe2286771e76) Importer(815301076,1909f56bfc062723c751e8b465ee728b) [PhysX] Initialized MultithreadedTaskDispatcher with 16 workers.
[PhysX] Initialized MultithreadedTaskDispatcher with 16 workers.
[PhysX] Initialized MultithreadedTaskDispatcher with 16 workers.
[PhysX] Initialized MultithreadedTaskDispatcher with 16 workers.
[PhysX] Initialized MultithreadedTaskDispatcher with 16 workers.
[PhysX] Initialized MultithreadedTaskDispatcher with 16 workers.
[PhysX] Initialized MultithreadedTaskDispatcher with 16 workers.
[PhysX] Initialized MultithreadedTaskDispatcher with 16 workers.
[PhysX] Initialized MultithreadedTaskDispatcher with 16 workers.
[PhysX] Initialized MultithreadedTaskDispatcher with 16 workers.
[PhysX] Initialized MultithreadedTaskDispatcher with 16 workers.
[PhysX] Initialized MultithreadedTaskDispatcher with 16 workers.
[PhysX] Initialized MultithreadedTaskDispatcher with 16 workers.
[PhysX] Initialized MultithreadedTaskDispatcher with 16 workers.
 -> (artifact id: '37b0abe1b5ff7a606a0279d3a230093a') in 0.101595 seconds
Number of updated asset objects reloaded before import = 0
Number of asset objects unloaded after import = 58
========================================================================
Received Import Request.
  Time since last request: 0.000048 seconds.
  path: Assets/Models/Low_Poly_Nature_Pack_Lite/Models/Trees/Tree_21_winter_gradient_red.fbx
  artifactKey: Guid(afd576153cebc0048923f3ee3048d781) Importer(815301076,1909f56bfc062723c751e8b465ee728b)
Start importing Assets/Models/Low_Poly_Nature_Pack_Lite/Models/Trees/Tree_21_winter_gradient_red.fbx using Guid(afd576153cebc0048923f3ee3048d781) Importer(815301076,1909f56bfc062723c751e8b465ee728b) [PhysX] Initialized MultithreadedTaskDispatcher with 16 workers.
[PhysX] Initialized MultithreadedTaskDispatcher with 16 workers.
[PhysX] Initialized MultithreadedTaskDispatcher with 16 workers.
[PhysX] Initialized MultithreadedTaskDispatcher with 16 workers.
[PhysX] Initialized MultithreadedTaskDispatcher with 16 workers.
[PhysX] Initialized MultithreadedTaskDispatcher with 16 workers.
[PhysX] Initialized MultithreadedTaskDispatcher with 16 workers.
 -> (artifact id: '965dfe46a9bf0696d608f6daf81bdf99') in 0.052454 seconds
Number of updated asset objects reloaded before import = 0
Number of asset objects unloaded after import = 23
========================================================================
Received Import Request.
  Time since last request: 0.000036 seconds.
  path: Assets/Models/Low_Poly_Nature_Pack_Lite/Models/Trees/Tree_21_winter_gradient_blue.fbx
  artifactKey: Guid(6c21017c703f6b34990f8a546ecf72c9) Importer(815301076,1909f56bfc062723c751e8b465ee728b)
Start importing Assets/Models/Low_Poly_Nature_Pack_Lite/Models/Trees/Tree_21_winter_gradient_blue.fbx using Guid(6c21017c703f6b34990f8a546ecf72c9) Importer(815301076,1909f56bfc062723c751e8b465ee728b) [PhysX] Initialized MultithreadedTaskDispatcher with 16 workers.
[PhysX] Initialized MultithreadedTaskDispatcher with 16 workers.
[PhysX] Initialized MultithreadedTaskDispatcher with 16 workers.
[PhysX] Initialized MultithreadedTaskDispatcher with 16 workers.
[PhysX] Initialized MultithreadedTaskDispatcher with 16 workers.
[PhysX] Initialized MultithreadedTaskDispatcher with 16 workers.
[PhysX] Initialized MultithreadedTaskDispatcher with 16 workers.
 -> (artifact id: 'e7a916b040ae390d894d8586767f4464') in 0.051821 seconds
Number of updated asset objects reloaded before import = 0
Number of asset objects unloaded after import = 23
========================================================================
Received Import Request.
  Time since last request: 0.000026 seconds.
  path: Assets/Models/Low_Poly_Nature_Pack_Lite/Models/Trees/Tree_41_gradient_green.fbx
  artifactKey: Guid(4c6652de88e4e8644b1079711599295c) Importer(815301076,1909f56bfc062723c751e8b465ee728b)
Start importing Assets/Models/Low_Poly_Nature_Pack_Lite/Models/Trees/Tree_41_gradient_green.fbx using Guid(4c6652de88e4e8644b1079711599295c) Importer(815301076,1909f56bfc062723c751e8b465ee728b) [PhysX] Initialized MultithreadedTaskDispatcher with 16 workers.
[PhysX] Initialized MultithreadedTaskDispatcher with 16 workers.
[PhysX] Initialized MultithreadedTaskDispatcher with 16 workers.
[PhysX] Initialized MultithreadedTaskDispatcher with 16 workers.
[PhysX] Initialized MultithreadedTaskDispatcher with 16 workers.
[PhysX] Initialized MultithreadedTaskDispatcher with 16 workers.
[PhysX] Initialized MultithreadedTaskDispatcher with 16 workers.
 -> (artifact id: '01c4d90d49bba5646e1fdc5adc9fad01') in 0.056436 seconds
Number of updated asset objects reloaded before import = 0
Number of asset objects unloaded after import = 23
========================================================================
Received Import Request.
  Time since last request: 0.000043 seconds.
  path: Assets/Models/Low_Poly_Nature_Pack_Lite/Models/Trees/Tree_19_winter_gradient_green.fbx
  artifactKey: Guid(e09d526db8ff4454989922518233e8e2) Importer(815301076,1909f56bfc062723c751e8b465ee728b)
Start importing Assets/Models/Low_Poly_Nature_Pack_Lite/Models/Trees/Tree_19_winter_gradient_green.fbx using Guid(e09d526db8ff4454989922518233e8e2) Importer(815301076,1909f56bfc062723c751e8b465ee728b) [PhysX] Initialized MultithreadedTaskDispatcher with 16 workers.
[PhysX] Initialized MultithreadedTaskDispatcher with 16 workers.
[PhysX] Initialized MultithreadedTaskDispatcher with 16 workers.
[PhysX] Initialized MultithreadedTaskDispatcher with 16 workers.
[PhysX] Initialized MultithreadedTaskDispatcher with 16 workers.
[PhysX] Initialized MultithreadedTaskDispatcher with 16 workers.
[PhysX] Initialized MultithreadedTaskDispatcher with 16 workers.
[PhysX] Initialized MultithreadedTaskDispatcher with 16 workers.
[PhysX] Initialized MultithreadedTaskDispatcher with 16 workers.
 -> (artifact id: '3b103d434807ab617399a780dd6363b4') in 0.065571 seconds
Number of updated asset objects reloaded before import = 0
Number of asset objects unloaded after import = 33
========================================================================
Received Import Request.
  Time since last request: 0.000038 seconds.
  path: Assets/Models/Low_Poly_Nature_Pack_Lite/Models/Trees/Tree_28_autumn.fbx
  artifactKey: Guid(a7faf0c88723e0043bd27af2aa486962) Importer(815301076,1909f56bfc062723c751e8b465ee728b)
Start importing Assets/Models/Low_Poly_Nature_Pack_Lite/Models/Trees/Tree_28_autumn.fbx using Guid(a7faf0c88723e0043bd27af2aa486962) Importer(815301076,1909f56bfc062723c751e8b465ee728b) [PhysX] Initialized MultithreadedTaskDispatcher with 16 workers.
[PhysX] Initialized MultithreadedTaskDispatcher with 16 workers.
[PhysX] Initialized MultithreadedTaskDispatcher with 16 workers.
[PhysX] Initialized MultithreadedTaskDispatcher with 16 workers.
[PhysX] Initialized MultithreadedTaskDispatcher with 16 workers.
[PhysX] Initialized MultithreadedTaskDispatcher with 16 workers.
[PhysX] Initialized MultithreadedTaskDispatcher with 16 workers.
 -> (artifact id: '0f06a6a0f35e511f963da8e19e9da704') in 0.049573 seconds
Number of updated asset objects reloaded before import = 0
Number of asset objects unloaded after import = 23
========================================================================
Received Import Request.
  Time since last request: 0.000046 seconds.
  path: Assets/Models/Low_Poly_Nature_Pack_Lite/Models/Trees/Tree_28_summer_blue.fbx
  artifactKey: Guid(c447da7a23ea0e34693f4c07a4049bd8) Importer(815301076,1909f56bfc062723c751e8b465ee728b)
Start importing Assets/Models/Low_Poly_Nature_Pack_Lite/Models/Trees/Tree_28_summer_blue.fbx using Guid(c447da7a23ea0e34693f4c07a4049bd8) Importer(815301076,1909f56bfc062723c751e8b465ee728b) [PhysX] Initialized MultithreadedTaskDispatcher with 16 workers.
[PhysX] Initialized MultithreadedTaskDispatcher with 16 workers.
[PhysX] Initialized MultithreadedTaskDispatcher with 16 workers.
[PhysX] Initialized MultithreadedTaskDispatcher with 16 workers.
[PhysX] Initialized MultithreadedTaskDispatcher with 16 workers.
[PhysX] Initialized MultithreadedTaskDispatcher with 16 workers.
[PhysX] Initialized MultithreadedTaskDispatcher with 16 workers.
 -> (artifact id: 'a6459debc18fe9f64611ebc0fcbcc236') in 0.047947 seconds
Number of updated asset objects reloaded before import = 0
Number of asset objects unloaded after import = 23
========================================================================
Received Import Request.
  Time since last request: 0.000050 seconds.
  path: Assets/Models/Low_Poly_Nature_Pack_Lite/Models/Trees/Tree_21_winter_gradient_yellow.fbx
  artifactKey: Guid(980e2d11f244d93498c4adb32d3df77b) Importer(815301076,1909f56bfc062723c751e8b465ee728b)
Start importing Assets/Models/Low_Poly_Nature_Pack_Lite/Models/Trees/Tree_21_winter_gradient_yellow.fbx using Guid(980e2d11f244d93498c4adb32d3df77b) Importer(815301076,1909f56bfc062723c751e8b465ee728b) [PhysX] Initialized MultithreadedTaskDispatcher with 16 workers.
[PhysX] Initialized MultithreadedTaskDispatcher with 16 workers.
[PhysX] Initialized MultithreadedTaskDispatcher with 16 workers.
[PhysX] Initialized MultithreadedTaskDispatcher with 16 workers.
[PhysX] Initialized MultithreadedTaskDispatcher with 16 workers.
[PhysX] Initialized MultithreadedTaskDispatcher with 16 workers.
[PhysX] Initialized MultithreadedTaskDispatcher with 16 workers.
 -> (artifact id: 'e1b682ef3a6d6c494f5ead6102a4d8d3') in 0.051272 seconds
Number of updated asset objects reloaded before import = 0
Number of asset objects unloaded after import = 23
========================================================================
Received Import Request.
  Time since last request: 0.000058 seconds.
  path: Assets/Models/Low_Poly_Nature_Pack_Lite/Models/Trees/Tree_21_gradient_red.fbx
  artifactKey: Guid(567917eeaa79f214bbd9a82ff5e62e63) Importer(815301076,1909f56bfc062723c751e8b465ee728b)
Start importing Assets/Models/Low_Poly_Nature_Pack_Lite/Models/Trees/Tree_21_gradient_red.fbx using Guid(567917eeaa79f214bbd9a82ff5e62e63) Importer(815301076,1909f56bfc062723c751e8b465ee728b) [PhysX] Initialized MultithreadedTaskDispatcher with 16 workers.
[PhysX] Initialized MultithreadedTaskDispatcher with 16 workers.
[PhysX] Initialized MultithreadedTaskDispatcher with 16 workers.
[PhysX] Initialized MultithreadedTaskDispatcher with 16 workers.
[PhysX] Initialized MultithreadedTaskDispatcher with 16 workers.
[PhysX] Initialized MultithreadedTaskDispatcher with 16 workers.
[PhysX] Initialized MultithreadedTaskDispatcher with 16 workers.
 -> (artifact id: '996957586cb7a11d257e8f9b5724ac28') in 0.049300 seconds
Number of updated asset objects reloaded before import = 0
Number of asset objects unloaded after import = 23
========================================================================
Received Import Request.
  Time since last request: 0.000029 seconds.
  path: Assets/Models/Low_Poly_Nature_Pack_Lite/Models/Trees/Tree_21_summer.fbx
  artifactKey: Guid(5ad1c2cd910666b4eb15d3824cc8d6e4) Importer(815301076,1909f56bfc062723c751e8b465ee728b)
Start importing Assets/Models/Low_Poly_Nature_Pack_Lite/Models/Trees/Tree_21_summer.fbx using Guid(5ad1c2cd910666b4eb15d3824cc8d6e4) Importer(815301076,1909f56bfc062723c751e8b465ee728b) [PhysX] Initialized MultithreadedTaskDispatcher with 16 workers.
[PhysX] Initialized MultithreadedTaskDispatcher with 16 workers.
[PhysX] Initialized MultithreadedTaskDispatcher with 16 workers.
[PhysX] Initialized MultithreadedTaskDispatcher with 16 workers.
[PhysX] Initialized MultithreadedTaskDispatcher with 16 workers.
[PhysX] Initialized MultithreadedTaskDispatcher with 16 workers.
[PhysX] Initialized MultithreadedTaskDispatcher with 16 workers.
 -> (artifact id: '9336a3621926e36aff1826f6bbd734f3') in 0.050506 seconds
Number of updated asset objects reloaded before import = 0
Number of asset objects unloaded after import = 23
========================================================================
Received Import Request.
  Time since last request: 0.000070 seconds.
  path: Assets/Models/Low_Poly_Nature_Pack_Lite/Models/Trees/Tree_21_summer_blue.fbx
  artifactKey: Guid(26e4543fe1426994eb0c5ab63853307c) Importer(815301076,1909f56bfc062723c751e8b465ee728b)
Start importing Assets/Models/Low_Poly_Nature_Pack_Lite/Models/Trees/Tree_21_summer_blue.fbx using Guid(26e4543fe1426994eb0c5ab63853307c) Importer(815301076,1909f56bfc062723c751e8b465ee728b) [PhysX] Initialized MultithreadedTaskDispatcher with 16 workers.
[PhysX] Initialized MultithreadedTaskDispatcher with 16 workers.
[PhysX] Initialized MultithreadedTaskDispatcher with 16 workers.
[PhysX] Initialized MultithreadedTaskDispatcher with 16 workers.
[PhysX] Initialized MultithreadedTaskDispatcher with 16 workers.
[PhysX] Initialized MultithreadedTaskDispatcher with 16 workers.
[PhysX] Initialized MultithreadedTaskDispatcher with 16 workers.
 -> (artifact id: 'e629919fb12604a24acf5498f3b808c9') in 0.053784 seconds
Number of updated asset objects reloaded before import = 0
Number of asset objects unloaded after import = 23
========================================================================
Received Import Request.
  Time since last request: 0.000033 seconds.
  path: Assets/Models/Low_Poly_Nature_Pack_Lite/Models/Trees/Tree_28_summer_red.fbx
  artifactKey: Guid(7ff38ea0343a1ee459479efaf0dccf43) Importer(815301076,1909f56bfc062723c751e8b465ee728b)
Start importing Assets/Models/Low_Poly_Nature_Pack_Lite/Models/Trees/Tree_28_summer_red.fbx using Guid(7ff38ea0343a1ee459479efaf0dccf43) Importer(815301076,1909f56bfc062723c751e8b465ee728b) [PhysX] Initialized MultithreadedTaskDispatcher with 16 workers.
[PhysX] Initialized MultithreadedTaskDispatcher with 16 workers.
[PhysX] Initialized MultithreadedTaskDispatcher with 16 workers.
[PhysX] Initialized MultithreadedTaskDispatcher with 16 workers.
[PhysX] Initialized MultithreadedTaskDispatcher with 16 workers.
[PhysX] Initialized MultithreadedTaskDispatcher with 16 workers.
[PhysX] Initialized MultithreadedTaskDispatcher with 16 workers.
 -> (artifact id: '95643c91352fdd0b4db419b788c19b44') in 0.049031 seconds
Number of updated asset objects reloaded before import = 0
Number of asset objects unloaded after import = 23
========================================================================
Received Import Request.
  Time since last request: 0.000072 seconds.
  path: Assets/Models/Low_Poly_Nature_Pack_Lite/Models/Trees/Tree_21_gradient_yellow.fbx
  artifactKey: Guid(5968edd803013a245991f83a9cd6eb70) Importer(815301076,1909f56bfc062723c751e8b465ee728b)
Start importing Assets/Models/Low_Poly_Nature_Pack_Lite/Models/Trees/Tree_21_gradient_yellow.fbx using Guid(5968edd803013a245991f83a9cd6eb70) Importer(815301076,1909f56bfc062723c751e8b465ee728b) [PhysX] Initialized MultithreadedTaskDispatcher with 16 workers.
[PhysX] Initialized MultithreadedTaskDispatcher with 16 workers.
[PhysX] Initialized MultithreadedTaskDispatcher with 16 workers.
[PhysX] Initialized MultithreadedTaskDispatcher with 16 workers.
[PhysX] Initialized MultithreadedTaskDispatcher with 16 workers.
[PhysX] Initialized MultithreadedTaskDispatcher with 16 workers.
[PhysX] Initialized MultithreadedTaskDispatcher with 16 workers.
 -> (artifact id: '6aa610b8a92b74cc3c55befa5f2a355e') in 0.049377 seconds
Number of updated asset objects reloaded before import = 0
Number of asset objects unloaded after import = 23
========================================================================
Received Import Request.
  Time since last request: 0.000040 seconds.
  path: Assets/Models/Low_Poly_Nature_Pack_Lite/Models/Trees/Tree_21_gradient_green.fbx
  artifactKey: Guid(75926e4b6a7560140a1654b408f8025f) Importer(815301076,1909f56bfc062723c751e8b465ee728b)
Start importing Assets/Models/Low_Poly_Nature_Pack_Lite/Models/Trees/Tree_21_gradient_green.fbx using Guid(75926e4b6a7560140a1654b408f8025f) Importer(815301076,1909f56bfc062723c751e8b465ee728b) [PhysX] Initialized MultithreadedTaskDispatcher with 16 workers.
[PhysX] Initialized MultithreadedTaskDispatcher with 16 workers.
[PhysX] Initialized MultithreadedTaskDispatcher with 16 workers.
[PhysX] Initialized MultithreadedTaskDispatcher with 16 workers.
[PhysX] Initialized MultithreadedTaskDispatcher with 16 workers.
[PhysX] Initialized MultithreadedTaskDispatcher with 16 workers.
[PhysX] Initialized MultithreadedTaskDispatcher with 16 workers.
 -> (artifact id: '75e19c6a042da6150ed4648eaddb1d4d') in 0.057504 seconds
Number of updated asset objects reloaded before import = 0
Number of asset objects unloaded after import = 23
========================================================================
Received Import Request.
  Time since last request: 0.000033 seconds.
  path: Assets/Models/Low_Poly_Nature_Pack_Lite/Models/Trees/Tree_21_autumn.fbx
  artifactKey: Guid(33b066f951b630b43adabaf96e882761) Importer(815301076,1909f56bfc062723c751e8b465ee728b)
Start importing Assets/Models/Low_Poly_Nature_Pack_Lite/Models/Trees/Tree_21_autumn.fbx using Guid(33b066f951b630b43adabaf96e882761) Importer(815301076,1909f56bfc062723c751e8b465ee728b) [PhysX] Initialized MultithreadedTaskDispatcher with 16 workers.
[PhysX] Initialized MultithreadedTaskDispatcher with 16 workers.
[PhysX] Initialized MultithreadedTaskDispatcher with 16 workers.
[PhysX] Initialized MultithreadedTaskDispatcher with 16 workers.
[PhysX] Initialized MultithreadedTaskDispatcher with 16 workers.
[PhysX] Initialized MultithreadedTaskDispatcher with 16 workers.
[PhysX] Initialized MultithreadedTaskDispatcher with 16 workers.
 -> (artifact id: 'db14926cd9dd9cdc9b568bfe88cd175c') in 0.050249 seconds
Number of updated asset objects reloaded before import = 0
Number of asset objects unloaded after import = 23
========================================================================
Received Import Request.
  Time since last request: 0.000027 seconds.
  path: Assets/Models/Low_Poly_Nature_Pack_Lite/Models/Trees/Tree_28_gradient_red.fbx
  artifactKey: Guid(004a8085d9a57e9439d0ad67ae150281) Importer(815301076,1909f56bfc062723c751e8b465ee728b)
Start importing Assets/Models/Low_Poly_Nature_Pack_Lite/Models/Trees/Tree_28_gradient_red.fbx using Guid(004a8085d9a57e9439d0ad67ae150281) Importer(815301076,1909f56bfc062723c751e8b465ee728b) [PhysX] Initialized MultithreadedTaskDispatcher with 16 workers.
[PhysX] Initialized MultithreadedTaskDispatcher with 16 workers.
[PhysX] Initialized MultithreadedTaskDispatcher with 16 workers.
[PhysX] Initialized MultithreadedTaskDispatcher with 16 workers.
[PhysX] Initialized MultithreadedTaskDispatcher with 16 workers.
[PhysX] Initialized MultithreadedTaskDispatcher with 16 workers.
[PhysX] Initialized MultithreadedTaskDispatcher with 16 workers.
 -> (artifact id: '75cd906e36d98e8dd3908f44eeaf3863') in 0.046119 seconds
Number of updated asset objects reloaded before import = 0
Number of asset objects unloaded after import = 23
========================================================================
Received Import Request.
  Time since last request: 0.000029 seconds.
  path: Assets/Models/Low_Poly_Nature_Pack_Lite/Models/Trees/Tree_19_summer.fbx
  artifactKey: Guid(7416e4afef7372c41b7ee15dd6756481) Importer(815301076,1909f56bfc062723c751e8b465ee728b)
Start importing Assets/Models/Low_Poly_Nature_Pack_Lite/Models/Trees/Tree_19_summer.fbx using Guid(7416e4afef7372c41b7ee15dd6756481) Importer(815301076,1909f56bfc062723c751e8b465ee728b) [PhysX] Initialized MultithreadedTaskDispatcher with 16 workers.
[PhysX] Initialized MultithreadedTaskDispatcher with 16 workers.
[PhysX] Initialized MultithreadedTaskDispatcher with 16 workers.
[PhysX] Initialized MultithreadedTaskDispatcher with 16 workers.
[PhysX] Initialized MultithreadedTaskDispatcher with 16 workers.
[PhysX] Initialized MultithreadedTaskDispatcher with 16 workers.
[PhysX] Initialized MultithreadedTaskDispatcher with 16 workers.
[PhysX] Initialized MultithreadedTaskDispatcher with 16 workers.
[PhysX] Initialized MultithreadedTaskDispatcher with 16 workers.
 -> (artifact id: 'c7e43d812ac4bf3c42fef5718943f914') in 0.054319 seconds
Number of updated asset objects reloaded before import = 0
Number of asset objects unloaded after import = 33
========================================================================
Received Import Request.
  Time since last request: 0.000033 seconds.
  path: Assets/Models/Low_Poly_Nature_Pack_Lite/Models/Trees/Tree_21_winter_gradient_green.fbx
  artifactKey: Guid(2ac19d834f324974fb5c8c9e8dc9e8fe) Importer(815301076,1909f56bfc062723c751e8b465ee728b)
Start importing Assets/Models/Low_Poly_Nature_Pack_Lite/Models/Trees/Tree_21_winter_gradient_green.fbx using Guid(2ac19d834f324974fb5c8c9e8dc9e8fe) Importer(815301076,1909f56bfc062723c751e8b465ee728b) [PhysX] Initialized MultithreadedTaskDispatcher with 16 workers.
[PhysX] Initialized MultithreadedTaskDispatcher with 16 workers.
[PhysX] Initialized MultithreadedTaskDispatcher with 16 workers.
[PhysX] Initialized MultithreadedTaskDispatcher with 16 workers.
[PhysX] Initialized MultithreadedTaskDispatcher with 16 workers.
[PhysX] Initialized MultithreadedTaskDispatcher with 16 workers.
[PhysX] Initialized MultithreadedTaskDispatcher with 16 workers.
 -> (artifact id: '0f5564a596865e629b31d3cdfaa6d786') in 0.044933 seconds
Number of updated asset objects reloaded before import = 0
Number of asset objects unloaded after import = 23
========================================================================
Received Import Request.
  Time since last request: 0.000046 seconds.
  path: Assets/Models/Low_Poly_Nature_Pack_Lite/Models/Trees/Tree_09_gradient_yellow.fbx
  artifactKey: Guid(9dac3ef1f1bfb29478338d0bd16c59c0) Importer(815301076,1909f56bfc062723c751e8b465ee728b)
Start importing Assets/Models/Low_Poly_Nature_Pack_Lite/Models/Trees/Tree_09_gradient_yellow.fbx using Guid(9dac3ef1f1bfb29478338d0bd16c59c0) Importer(815301076,1909f56bfc062723c751e8b465ee728b) [PhysX] Initialized MultithreadedTaskDispatcher with 16 workers.
[PhysX] Initialized MultithreadedTaskDispatcher with 16 workers.
[PhysX] Initialized MultithreadedTaskDispatcher with 16 workers.
[PhysX] Initialized MultithreadedTaskDispatcher with 16 workers.
[PhysX] Initialized MultithreadedTaskDispatcher with 16 workers.
[PhysX] Initialized MultithreadedTaskDispatcher with 16 workers.
[PhysX] Initialized MultithreadedTaskDispatcher with 16 workers.
[PhysX] Initialized MultithreadedTaskDispatcher with 16 workers.
[PhysX] Initialized MultithreadedTaskDispatcher with 16 workers.
[PhysX] Initialized MultithreadedTaskDispatcher with 16 workers.
[PhysX] Initialized MultithreadedTaskDispatcher with 16 workers.
[PhysX] Initialized MultithreadedTaskDispatcher with 16 workers.
[PhysX] Initialized MultithreadedTaskDispatcher with 16 workers.
[PhysX] Initialized MultithreadedTaskDispatcher with 16 workers.
 -> (artifact id: 'c2f46b3126bbdebbf8b4a14b389d3eeb') in 0.081076 seconds
Number of updated asset objects reloaded before import = 0
Number of asset objects unloaded after import = 58
========================================================================
Received Import Request.
  Time since last request: 0.000039 seconds.
  path: Assets/Models/Low_Poly_Nature_Pack_Lite/Models/Trees/Tree_19_summer_red.fbx
  artifactKey: Guid(43f2c1e3ba81ad146b1066a9c247928c) Importer(815301076,1909f56bfc062723c751e8b465ee728b)
Start importing Assets/Models/Low_Poly_Nature_Pack_Lite/Models/Trees/Tree_19_summer_red.fbx using Guid(43f2c1e3ba81ad146b1066a9c247928c) Importer(815301076,1909f56bfc062723c751e8b465ee728b) [PhysX] Initialized MultithreadedTaskDispatcher with 16 workers.
[PhysX] Initialized MultithreadedTaskDispatcher with 16 workers.
[PhysX] Initialized MultithreadedTaskDispatcher with 16 workers.
[PhysX] Initialized MultithreadedTaskDispatcher with 16 workers.
[PhysX] Initialized MultithreadedTaskDispatcher with 16 workers.
[PhysX] Initialized MultithreadedTaskDispatcher with 16 workers.
[PhysX] Initialized MultithreadedTaskDispatcher with 16 workers.
[PhysX] Initialized MultithreadedTaskDispatcher with 16 workers.
[PhysX] Initialized MultithreadedTaskDispatcher with 16 workers.
 -> (artifact id: '0db650872ce05f9c0da508108b1baf91') in 0.062538 seconds
Number of updated asset objects reloaded before import = 0
Number of asset objects unloaded after import = 33
========================================================================
Received Import Request.
  Time since last request: 0.000045 seconds.
  path: Assets/Models/Low_Poly_Nature_Pack_Lite/Models/Trees/Tree_28_gradient_blue.fbx
  artifactKey: Guid(ccadf42238ad71545bc0248e15517a49) Importer(815301076,1909f56bfc062723c751e8b465ee728b)
Start importing Assets/Models/Low_Poly_Nature_Pack_Lite/Models/Trees/Tree_28_gradient_blue.fbx using Guid(ccadf42238ad71545bc0248e15517a49) Importer(815301076,1909f56bfc062723c751e8b465ee728b) [PhysX] Initialized MultithreadedTaskDispatcher with 16 workers.
[PhysX] Initialized MultithreadedTaskDispatcher with 16 workers.
[PhysX] Initialized MultithreadedTaskDispatcher with 16 workers.
[PhysX] Initialized MultithreadedTaskDispatcher with 16 workers.
[PhysX] Initialized MultithreadedTaskDispatcher with 16 workers.
[PhysX] Initialized MultithreadedTaskDispatcher with 16 workers.
[PhysX] Initialized MultithreadedTaskDispatcher with 16 workers.
 -> (artifact id: 'ee2c76314b981edb63c38ea7b3262890') in 0.051862 seconds
Number of updated asset objects reloaded before import = 0
Number of asset objects unloaded after import = 23
========================================================================
Received Import Request.
  Time since last request: 0.000053 seconds.
  path: Assets/Models/Low_Poly_Nature_Pack_Lite/Models/Trees/Tree_19_winter_gradient_red.fbx
  artifactKey: Guid(9b1a13a00db55a44a8e8fcfc370a70b8) Importer(815301076,1909f56bfc062723c751e8b465ee728b)
Start importing Assets/Models/Low_Poly_Nature_Pack_Lite/Models/Trees/Tree_19_winter_gradient_red.fbx using Guid(9b1a13a00db55a44a8e8fcfc370a70b8) Importer(815301076,1909f56bfc062723c751e8b465ee728b) [PhysX] Initialized MultithreadedTaskDispatcher with 16 workers.
[PhysX] Initialized MultithreadedTaskDispatcher with 16 workers.
[PhysX] Initialized MultithreadedTaskDispatcher with 16 workers.
[PhysX] Initialized MultithreadedTaskDispatcher with 16 workers.
[PhysX] Initialized MultithreadedTaskDispatcher with 16 workers.
[PhysX] Initialized MultithreadedTaskDispatcher with 16 workers.
[PhysX] Initialized MultithreadedTaskDispatcher with 16 workers.
[PhysX] Initialized MultithreadedTaskDispatcher with 16 workers.
[PhysX] Initialized MultithreadedTaskDispatcher with 16 workers.
 -> (artifact id: 'dacd5b0d0b321cffd25c08faba9ec198') in 0.058516 seconds
Number of updated asset objects reloaded before import = 0
Number of asset objects unloaded after import = 33
========================================================================
Received Import Request.
  Time since last request: 0.000051 seconds.
  path: Assets/Models/Low_Poly_Nature_Pack_Lite/Models/Trees/Tree_19_winter.fbx
  artifactKey: Guid(d9ce0b0cf50e22746b24afc7bbe1dba7) Importer(815301076,1909f56bfc062723c751e8b465ee728b)
Start importing Assets/Models/Low_Poly_Nature_Pack_Lite/Models/Trees/Tree_19_winter.fbx using Guid(d9ce0b0cf50e22746b24afc7bbe1dba7) Importer(815301076,1909f56bfc062723c751e8b465ee728b) [PhysX] Initialized MultithreadedTaskDispatcher with 16 workers.
[PhysX] Initialized MultithreadedTaskDispatcher with 16 workers.
[PhysX] Initialized MultithreadedTaskDispatcher with 16 workers.
[PhysX] Initialized MultithreadedTaskDispatcher with 16 workers.
[PhysX] Initialized MultithreadedTaskDispatcher with 16 workers.
[PhysX] Initialized MultithreadedTaskDispatcher with 16 workers.
[PhysX] Initialized MultithreadedTaskDispatcher with 16 workers.
[PhysX] Initialized MultithreadedTaskDispatcher with 16 workers.
[PhysX] Initialized MultithreadedTaskDispatcher with 16 workers.
 -> (artifact id: '2d5edc513deecf68d53f6050c4d900da') in 0.065768 seconds
Number of updated asset objects reloaded before import = 0
Number of asset objects unloaded after import = 33
========================================================================
Received Import Request.
  Time since last request: 0.000054 seconds.
  path: Assets/Models/Low_Poly_Nature_Pack_Lite/Models/Trees/Tree_28_gradient_yellow.fbx
  artifactKey: Guid(eea79f424af5f3945ad30eea9dd13e97) Importer(815301076,1909f56bfc062723c751e8b465ee728b)
Start importing Assets/Models/Low_Poly_Nature_Pack_Lite/Models/Trees/Tree_28_gradient_yellow.fbx using Guid(eea79f424af5f3945ad30eea9dd13e97) Importer(815301076,1909f56bfc062723c751e8b465ee728b) [PhysX] Initialized MultithreadedTaskDispatcher with 16 workers.
[PhysX] Initialized MultithreadedTaskDispatcher with 16 workers.
[PhysX] Initialized MultithreadedTaskDispatcher with 16 workers.
[PhysX] Initialized MultithreadedTaskDispatcher with 16 workers.
[PhysX] Initialized MultithreadedTaskDispatcher with 16 workers.
[PhysX] Initialized MultithreadedTaskDispatcher with 16 workers.
[PhysX] Initialized MultithreadedTaskDispatcher with 16 workers.
 -> (artifact id: 'aa29cdf64f124fc8489fdc5a9c0377ec') in 0.047239 seconds
Number of updated asset objects reloaded before import = 0
Number of asset objects unloaded after import = 23
Editor requested this worker to shutdown with reason: Scaling down because of idle timeout
TcpMessagingSession - receive error: operation aborted. errorcode: 995, details: The I/O operation has been aborted because of either a thread exit or an application request.
AssetImportWorker is now disconnected from the server
Process exiting
Exiting without the bug reporter. Application will terminate with return code 0